艾伦，记住，在 IT 会议之前，我们必须拥有所有的 IT 生产计划。
Attn: Aki Oguchi 先生。
克劳德，来自 l 'obs 的记者，我们非常了解， 将在中国旅行，他将会在:
对于今天的员工聚会， 代表所有的员工，我想说的是，我们的老板非常感谢我们的老板，先生。 micheal 首先和其次是党的组织者，马欣！祝大家新年快乐！
早上好，Dorris，请帮助我在系统中提高 30 分钟的休息时间。并带我去建设 D TKP 车间，谢谢。
Hei man！英语使用 66666
你好，希望平台，这是张明。对不起，打扰了这个愿望平台。我想解释一下为什么我的商店有很高的退款率和我们将采取哪些步骤。防止这种情况发生， 阻止它发生。
嗨，eason，Eliezer 在这里。我能看看，是 chubbs 我们的客户在香港/澳门的客户吗？
你好孟子，我是在新奥尔良的 AAOS 会议上与肖恩，凯文和结婚。
嗨，我叫杰西卡在博洛尼亚工作。
我是刘娜的家人张树芳，因为它少于 1901年， 在进入城镇之前，有 8 个 10 分。收到请回复，谢谢您的努力工作。
我会添加埃里克， 凯西和 Holly 对这个团体-他们是我的同事从国际公关谁也会帮助。本周早些时候我们与 Jet 谈过，并向他提出了一些我们正在发展的建议。在这里分享。
我是许慎家族，戈宏飞的推销员，我的名字是甘肃的鲁炜！
我已经安排了不同的人来支持江方方。就像这样
利祥昨天晚上刚刚改变了系统的装运状态，还在仓库里。客户确认接受了吗？
商户手机号码: 44490629979
Qi shou 不需要吃药，希望生病，无心脏， 无门的，但是到地球。
上海宇通道 100 号宇通路 520 号 BMICBC 室。
这是罗杰 · 鲍尔从我们这儿来的。
王维，XIJ 生产线维修组，集团电子邮件 XIJ 工程。
王兴告诉我，MA286 设置已经准备好了。为什么不跑步呢？
今天上午，我收到了林林消息的审计员消息，我认为技术中心正在审查。让我们看看会发生什么。你可以问 bv 给你一个信，让你通过审计和等待。我认为是证书。
对不起，艾伦。我忘了打出去。☺️
我不知道我们的人怎么会从新加坡政府那里得到签证。他们只是在持有商务签证，但实际上在那里工作吗？我和我的政府官员谈过，至少在我看来，这不是合法的。
一种在 cot '中杏花中间的一个 co点。
固件是当前固件版本。这必须与信息响应中显示的 firmwarerevision 和任何软件/固件版本显示的任何软件/固件版本相匹配。本地菜单 (如果适用 )。
-对于所有的 EVT 零件，这里是零件的参考表，仅 D32， 如果您有任何，请添加更多。
IN480-2 配件用于传输。
重复至少 10 次。
我们想让顶级表演者加入电报集团，分享他们如何使用这个节目， 你也能帮忙吗？
# 为什么我们有接机票？用 TMS，我们应该有零和使用 TMS 跟踪。
(B) 安全装置和指示。
(E) 工作温度 40-500 C，工作湿度 20-90%
(四) 我们将向客户转达您的要求，检查 B9-B11 上的任何名称是否对应于任何。地址的地址， 被传唤的其他地方的交易或账户。
(小贴士: 1.冷静下来，注意寒冷。现在，无论学习如何，你都不能记笔记。
根据要求，在供应商生产设备上进行质量体系和质量工程培训，以实现合规和改进。
在规划，组织，执行，协调，行使判断， 向供应商提供技术问题的评估和解决方案的指导和/或应用工程和科学原则。
确定并经常使用最有效的方法， 成本效率和最佳实践执行过程，并不断评估其有效性和适宜性。
必须对 TQM 系统进行彻底的了解，并将所有质量审计报告和 8Ds 输入到企业审计数据库中。
在管理审查期间，准备并报告全球供应商质量性能， 以及建立供应商监控和性能的基线。
。Io 主要用于 internet biz 启动。
[错误] 未能执行目标 org。 apache。 maven。插件: maven-编译器-插件: 2.5: 编译 (默认编译) 关于项目 fccscheck-公共服务集成: 编译失败:
'任何' 和 '某人' 总是被复数名词，如果他们是可数或单数，如果他们是不可数的。
皮埃尔在这里，对不起没有注意到你不在组里。
我们是否有类似的春天，我们已经使用了其他项目？
目标是检查自己的加热效果是否可以减少通过移动测试项目到。开始
回到过时的杂志、报纸或省级杂志上;
活动 ID & 名称: [WAP-iOS] 乐趣-CPI-Non-incent-US CD41932 (274093)
去年的年度销售额为 4，000，000 美元。
付款将被收取到 iTunes 帐户，在确认购买。
订阅会自动更新，除非自动续订在结束前至少 24 小时关闭。当前期间
返回到演示页面。
如果客户同意，请出示收据。
我能知道所有的墙图形，pelmet 和接收计数器图形确认吗？
1，000 千克大袋 20 个托盘和收缩包装在 20 个容器中。
1.1.6-包括虚假信息、特征或误导性元数据。
1。 cognex 需要为 G6/Angle 关闭 smart shift。在 PD 批准更改之前，无法更新 AE 限制。
1.解释通过电子邮件获取 CPK 进程。
1。最近的销售额下降更为严重，其中 A37 的下降接近 50。原因是什么？所有地点今天向他们的上级汇报。
1。今天去 yic 参加会议，去 hlaing thar yar betan 工厂学习产品。
1/跟进平武 ecom 出口整合中心项目。
1: 公司每周向各集团出勤，希望能及时检查，
10-在主题区域写了本书 (实际上必须是一本书 )。公认的行业专家在该领域，可能已经发明了它。
10.员工考勤: 应该是 5 人，
10Hz ~ 20Hz 线性扫描，振幅 3毫米 (峰值-峰值)
11。客户集成团队将拥有所有的集成开发 (和相关测试) 进入和/或退出客户业务系统从 SFTP 站点的点，将被使用。传送 Coupa 和客户之间的文件。
12。认假遮盖率 0.000%
14:00 ~ 14:30 的收尾工作，检查的工作。
早 15 分钟，在你出去之前，记住要清理你的手机信息， 图片和录音，一定要在开始之前做一个宏模拟的工作。
下午18:00 每周例会。
1830年-1930年: Yonsei University 主办的 VVIP 晚宴。
2-有更多的发展延迟的风险， 因此，我们可能会收到非常接近发布日期的功能 (我们不会有时间执行) 正确测试然后)
② 外观符合公司标准。
2 因为烧烤吃了火。
2 天后，一个人来自阿里巴巴，让我们在定语中训练我们。
2 Doz 不同的模型交付。客户订购的双脸，军事夹克被发送。
2 、一定要给病人造成疾病的危害。
2，gsearch 在当时发布了新版本。
2.32IN 需要订购更多。
2.在一个 USB 端口的地方可以安装一个香烟端口，对吗？
2.用广播命令和 HDLC 广播被动费率表到两台电表。
2.在 Fedex (或以后的 IP) 中创建货物)
2.特色品牌-瀑布 --> 新的平衡 OK，等待阿迪达斯。
2。给我们一个书面的承诺，你可以接受这个项目所造成的差异， 我们可以接受信用证。
2.IDCFREE #1090745，US44-B 风扇错误。已成功关闭票。
2.介绍设备和实验室。
2.幸运画奖品。
2.满足西雅图的销售和运营工作人员。
2.长期付款周期满足客户的所有需求。
2.由 PAL 批准的最新化妆品规格和豁免名单。
2。商品加工销售: 今天销售额为 0 元，本月累计销售额为 78 元。
2.他们说，他们将在清算后付款。
2.称量差异: 2千克。
2。随着新产品在市场上的发展，何鸿ho 不再 ho F5 系列股票， 所有的位置都解释到 DB，并与 F5 系列的上调的方案， 请尽快将 F5 系列股票出售给频道。
2.可以登录测试帐户。
2.在肖像和景观中检查应用程序 (如果适用)
2.路易斯十四国王想要一个宏伟的宫殿，在那里他可以进行他的国家的业务。
2.优化第 2 代机器设置，以匹配 Gen 1 折弯结果。 (继续进行)
2.弹出安全模式 nitified
2。今天我们开始清理旧的股票，计划和目标已经作出，但现在， 我需要确认一下这两个部分的细节，所以在几分钟后， 该方案将在该组中发送。
2.在 FA 报告中更新机制数据和材料数据。
201496 客户，2dc-白色，P9，无相关孔。
2018.1.10 中 tai T300 计划生产 300。今天的到来
20180405 今天的工作: 脑发育和超声诊断学习，涎腺病例分类， 头操作学习。明天的工作: 肠结核和结核性胸膜炎的病因和诊断。
2440x1220 x 18毫米杨树胶合板 wih 2 面白色 HPL 0.6毫米 (8毫米是成品的厚度) 小组
今天的薪水是 26，000 吗？
27.谁当选约翰为 combitte 主席？
本月第2 日补充任务: 20000 元。
3 # 志清泵碱循环，流量 35立方米/h，系统压力 1。 80mpa，电流 3000a，电压 471 V，沟槽温度 87.9 ℃，氢成春花;
3 1.这篇文章主要告诉我们。
3-遵循 Oro 电子 Alain 的订单，并确认他的订单，并向他发送货物。
3-第一个飞跃的帖子。
3。 saima A 的经理。我。永久 (下午2点至晚上将要采取的行动)，可以一起讨论这个问题。
3.停车场，双层停车场。
3.最新金融黑色科学和技术的最新分析。
3.请勿触摸车间内的任何阀门或开关。
3.逗留时间:
3.富士康已到达 1200 台服务器，直到今天 (02/26)，安装仍在继续。
3.每天都在特定的机器或产品上给他们 10 到 20 分钟的活动。以这种方式，他们可以熟悉更多，并不会忘记。
3.在玻璃边缘附近有气泡的眼镜对我的顾客来说是很危险的！
3.我想请你在会议前仔细审查我们提出的建议的任何潜在风险。
3.排序处理表，购买 10。
3。出勤的意见: 员工姓名或身份证，日期， 出勤意见 (在休假或商务旅行或外出会议等。。)
3.降低 o型环的真空。
供应商提供产品: 进出口-食品加工业 | 商业工业制冷-器材和设备 | 家企业……
3 断开备份摄像头。
4-关注 kayasar 先生，并讨论付款和下一订单。
4 电梯三个房间单位价格为 32 万。
4.陪伴？团体旅行
4.故事、虫子、杂务的格式。
4.我不接受没有面子价值的卡片。
月。让我们讨论下周三下午5点 # 日期/时间 #
4.第2 也有 V9 内部 % 更多 60%，而在最初的两天的平均。是 65。
4.产品精心包装，精致包装。
4.由于她开始了一份新工作，她感到压力很大)
4.软件支持中文和外国语言之间的自由切换，适用于不同的国家或地区。
48*33.5 * 29厘米 6900 1000 pcs
已通过 5 个条目。
5.关闭采购订单或发票的数据转换不包括在本 SOW 的范围内。
5.明天的计划，写质量作业，看北湾北部湾集会出去。
5.2.1-未由拥有并负责提供的任何服务的法律实体提交。此 app 可以。
5-公共道路，排水，分站， 这可能是土地分司向地方政府投降的必要条件。
6.从零开始开发大型程序和系统的能力。对低级细节和内部细节的理解。能够从头开始设计/部署大多数大型分布式系统。
6 个低自尊的人对自己的自尊并不容易 ()。当自尊水平下降的时候。
6 、对 2 人的监督，是由地区领导人领导的， 与面试官 5 人，时间分数 2 人不知道。
6.观察服务器是否有来自服务器的警报帮助台至少 10 分钟。
6。供应商使用 EDI 与客户进行业务不包括在本 SOW 的范围内，除非在该 SOW 的范围内注明。
6.仓库的数量: 上午 130 人，昨天超过 50 人。
6。与阿里巴巴合作，优化他们的软件开发人员，获得关于热胶高度检查的建议-也许会产生一个。第二个基准曲面，以消除测量噪声，但只显示有效的高度数据。
7-跟进 Mr Naveed 并讨论付款问题。
7，58 端口: 7 点。
7，需要解决的问题: 不是用这种方式来编造一个故事。
7.在最后一栏附上粉红色的滑滑或黄色的滑滑照片。
7.作为电源 B 相同的操作。
7.有三个方面: 有三个。
8.申请人的家庭包括配偶、儿子、女儿、父亲、母亲。
8.Catch 端口: 5 点。
8.禁忌: 目前没有发现。
9.避免主要的绳索和电线围绕锋利的弯曲。
95 平面 175万。
10 英寸的披萨需要 7 张卡片，一个 12 英寸的披萨和一张 10 点卡。
Bing 不会感到一位经理，不会长大的。他就像个推销员。
带有贴附板的身体。
国王的孩子:
几年前，在飞往温州的航班上， 当我和我的同事为乘客提供饮料和晚餐时，一个女人需要一张餐巾。但在我把它给她之前，她直接用我的围裙。
自我的心，否认。
带螺纹零件的外壳，用于安装。
隐私政策的链接。
一点点绑
在社交媒体上。
在这一阶段的候选人也应该看到一个专业的品牌视频，强调该公司的价值观和。信仰。
页面的截图被发送给我，我将看一下。
您将非常感谢您的时间表的简短反馈。
预冷却器的下游安装了一种恒温器，可以感知热空气温度，并将其发送到阀门的压力下。对应于预冷冷却空气需求的信号。最喜欢的蝴蝶从完全封闭到完全开放的位置，以保持空气流血的温度值。限制内。
这将是远程工作管理人员的批准组。
一个周末在一些著名的酒店的蜜月套房，在中国的一个不错的位置 (或者在某个地方的某个地方)。亚洲 )， 包括房间和晚餐，香槟。
会议上的一场吵闹的头痛。
A) 我们需要确认，未决投标仍然有效，因为我们不知道谁拥有。关于 NSB 知识产权的权利， 无论是庞贝氏 Travaini 或庞贝氏 Travaini NSB。
A.工作深度是多少？
A.所有几何图形由 3D 模型定义。
【答案】 C
【答案】 B 【答案】 D
面试结束了，我很抱歉，儿子，但你迟到了。
A83 订单数量今天:
艾比没事的。我会留下来做的。看来你解决问题是个问题。
大约 1 半小时她和我在一起。
关于当选省级国有企业配对支持。
关于你的要求更改封面我们的 R & D 是检查。
上面提到的问题，在我们的工作范围最初没有分配， 我们希望与你的职责是，做这些工作的责任是谁的责任？ done。
随着讨论的讨论，美国在美国的加速。
接受来自附件的来电。
附件的 UI 显示在主屏幕上。Apple 设备触发了在主屏幕上显示的通知。如果借用约束设置为 “nice-to”，则只能显示 iOS 通知。主屏幕返回附件。
准确地称量和溶解 2.0g 的样品和大约 20毫升的水，2.6g 的样品和 g 加热到约 30o， 连续搅拌 15-30 分钟，无需进一步加热。用水稀释所产生的清澈的溶液到 25毫升。
行动: 请向我们发送基线访问的多层螺旋 CT 图像。
实际计划可以获得页面 uv 580000 +
实际 SL 增长速度: 57.5;
事实上，存款永远不会让你失望的。
其实你看起来比你的化身更漂亮。
事实上，我对这份文件有一些改变。
此外，印尼还减少了航运补贴。
关于数据的生产将会被发送给罗纳德第1 的审查，谢谢。
咨询行; Song Junyang 2313。
爱琴海！对于 LZD SIS 上的 TBC 卡部分，是否可以调整与类别相同的高度？
午餐后，请将员工食堂卡给 5 月，卡需要上顶。
下午，我给辛西娅送去了。
再次，我很感激你对我的兴趣， 在你未来的爱情忏悔中，我向你提供了我最好的成功祝福。
Agoda 客户体验组。
我同意拉里的意见，这种表现形式是我们每个人都可以有一个英语演讲的机会， 我们鼓励大家参加和享受它， 然而，如果我们中的任何人在一定的时间内没有自由，那么肯定是好的。
啊，这是新的，但在相当孤立的地区。那里没有大的超级市场，电影院或服务。
通过 IP 排气止回阀或高 HP 压缩机，将空气从中间 HP 压缩机阶段抽入空气。通过 HP 流血阀根据发动机转速进行阶段。
阿里巴巴云推出全球首个 8 K 网络视频流媒体解决方案。
爱丽丝，请杰瑞向马克日历。
爱丽丝在桌子上发现了一只小瓶子。
爱丽丝你可以安排时间讨论冷藏白纸， 因为没有与 QC 的会议。
所有的银行都必须编辑你的姓名和工作人员的身份， 备注: 此滑是用于购买 F5 RM650/借 F7 RM800 或 RM200
所有客户需要在系统中获取新信息，或更新客户信息与 TR。
所有文件都在那里。
所有我需要知道的是计划) 多少入量，我们预计，b) 销售额增加。休息可以处理。我们刚刚最终确定了溢出仓库的合作伙伴，并将在 5月1日前与一个新的溢流仓库一起生活。
所有的钱和总部的东西都必须得到我的批准。
所有这一切，我将问从财务部，因为 ammar 问银行她在自由区。
我们所有的人都应该有一个国际视野 ~
所有的你，检查你自己的商店，所有的他们。你有伤害，你把它寄给我， 我已经拿到广告公司的统计数据了。
所有外部和内花键盒图和详细差异数据如下附件。
好的，请把你的详细地址寄给我，并给我一份电话号码。
好吧，然后再次。
所有的家庭，早上好，大家！
所有 GK 邮件用户都谦卑地要求从所有文件夹中删除不需要的邮件，以保持足够的维护。磁盘空间。
所有的事情都会有所不同。😬
艾伦: 一旦零件到达第二个甲板上的接机区， 把贴纸放在他们上，显示出温度和链的速度，如绿色上面所示。用 “T” 标记框架的顶部交叉管，并将零件放置在一边，以进行评估。第二天。
艾伦: 请在从烤箱中取出后，就可以测量并记录下零件的温度。
几乎。下周到中国去。BaiWei 和我要开会讨论你的移交给我们的团队。
已在 ERP 系统中输入公司。
已经回答了 u，thx
已经开始我的壁炉了。
也在测试了一个好的板和良好的灵敏度号后，所有的开关都下降了，我们可以。见地面仍然金，这意味着没有焊料应用 + 垫有干燥的焊料。
另外一个样品也在 PC 实验室进行了测试。
另外，我有一个问题，你知道我给收据的机票费用是一个月吗？ 以前有处理过吗？
我也看到媒体墙有点皱了， 你认为周四会好起来吗？
此外，它需要每月或一年拥有安全和自主的汽车。比赛和超越是更加困难的。就在几天内……几乎不可能的，团队的失败也会发生和失控的汽车。
此外，请提交失踪的文件，以结束第 4 阶段:
交替音频级别可以单独或绑定到 Siri 的音量设置。”
校友-毕业年份 :____
总是利用杠杆的杠杆作用。
我现在在和客户说话。我叫他给我们发视频。May it's will be after。
AMD 今天的价格高达 1200.54 美元。
一个执行器总成。
同等数量的动物和人类的主题。
眼睛的眼睛使整个世界盲目。
根据这个主人的说法， 服务和保修手册应按照我们在两种类型的车辆上商定的时间表进行修改。我们将在埃及的英语和阿拉伯语版本。
任何想要发表声明的人在这个一般的团体聊天中必须先寻求我的批准……
据我所知，我为质量上乘的眼镜，而不是你的第二级眼镜。我们没有同意我买你的第二只手的眼镜。
下面是每个页面的一些详细解释:
即使我改变了 \"0\" 到 \"20\"，它仍然不开放。
和测试-他们没有影响，它的正常买家。
而对于 tubelight，我也会确认你，我将会从这里或你找到那个家伙。从那里来的人。
这里是最后的选择。
我也不明白，为什么 ppl 喜欢在餐厅求婚呢？只是因为他们可以把戒指放在盘子里？
理想的未来，LZD SKU = 产品条码， 并且卖方可以在 BMS 上打印条码，并在每个纸箱上粘贴条码。
如果确实问题 2，我们如何才能更好地控制它呢？我们过程中的差距是多少？我们已经通过看照片来验证这个问题了吗？
在未来，我们将为客户提供更优质的服务。
小的经销商很容易与 FBL 模型合作。
永远不要给他的金杯空向月亮！
而不是把它释放给客户。
仅允许端口范围 8000 ~ 8100。
关于 Wangtalang 的 5 个设备，什么时候会去安装这些设备？Thx！
而 infos 并没有出现。
和 SVB 500 是亚马逊的 USD154，我们可以提供的价格是 75 美元。
上次你说我们取消在印尼买纸箱。
和 num lock 和 scroll lock。和 P 在它旁边的键相同大小。
年轻的学者丹丘，
然后我们一步一步来。
并没有停车的办公室单位。只有付费停车场，大约 6500 rs INR。
还有一些其他订单，支付金额为 2000元，这是两份订单。
他们不是来自金星的中国人。
我们将淹没一万代的灾难。
黄金剪贴板什么时候到？
你的白纸也有邮票。
公告: 本课发布将于今天下午 4:00-5:00。请大家参加 :)
我想的另一个家伙。
ICMS 团队的另一个问题是，当数据流下降时，是否会有三个报警报警通知技术团队。
相同系统的天线或低发射机功率。
无论如何，我必须在 8 点到中心 1 点吗？
服装、配饰和消费品;
苹果经长期调节的材料规范和试验计划。
感谢您的所有愿望。希望你也一样。😏😏
Lapsing/到期的规则被定义了 (例如: 膜的弹性膜，砂芯， …)？
有没有类似的故事，因为我们在这里是蜂蜜？与你的国家的蜂蜜完全不同吗？
您是新媒体集团的会员吗？
午饭后你要四处走走吗？
你现在在面试吗？
你是否在任何止痛药/抗炎药物上？
你在和我说话吗？
地面面积: 约 294 平方米。
Arrhenius 模型是一种非常标准的模型。
结果， 我可以想象我们提供给他们的培训数据是常见的常见问题 (1 Q-1) 答案 )。
正如所希望的，flex suppl 订单草案可能会被看到。
我已经告诉你好几次了， 我一直牢记，产品是手工制作的，我不是在谈论次要的错误。眼镜！
正如我之前告诉过你的，从 LYS 到 SVO， 有狭窄的身体飞机，我们不能在船上运送许多托盘， 我们需要 4-5 个航班。
按照计划，在澄清会议之前，将有两个干运行。理查德将组织干洗会议。
如前所述，我想知道在 app store 应用程序重新安装，因为我无法下载任何应用程序。现在该应用程序刚刚停止工作。
因为巴基斯坦的 RLNG-III 项目已经取消了。
因为他们仍然在工作的 s '孔隙率卡。
因为我们今天需要送他们。
根据您的要求，儿童袜子的详细信息如下:
要求一个放松的理由。首先，来这里，贵阳，我在这里也有一个小工作， 你也可以去云南玩时间。
请金碩珍帮个忙把他改造成机库。
在树屋餐厅的入口没有工作，谢谢您看能否修好请。
数学上充满了辉煌。
ATS 实用程序是一个运行 TCP 和 UDP 带宽和延迟测试的 iPhone 应用程序。要运行测试，必须在附件上启用 Iperf。从 MFi 门户下载 ATS 实用程序。
音频将记录在 44.1 kHz，16 位未压缩。
然后立即取消验证。
可用性 (一旦订单被放置，它需要多长时间才能获得灯光)
B) “客户” 保留修改的权利， 拒绝或取消部分或所有未完成的计划， 在 “代理” 方面取得进展的项目或工作，根据第四节，第 b 节) 本协议的。
B) 其法律代表有足够的权力执行本协定， 按照 [* ]， 在 [*] 的公证公号 [*] 号先生之前 [*]，而且，这样的权力并没有受到任何方式的限制或撤销。
B3i 现在是 POR，准备好了。
背部部分内侧拉链口袋。
背景音频是迪迪 merchant 应用程序的一个重要特征。音频是传递订单状态变化信息的一种重要方法。
地址: 深圳市文津北路 1010 号文金广场 G/F
Bd_48375_b430498-13 批次离开我们的侧面。
还在工作，从来没有放弃过。
一定要吃早餐。
因为这很紧急。
因为在项目中，我们有一些链上有重复的魅力，在一个链上，一些刮痕， 缺少 6 集。
因为在真正的设备上，它看起来太鲜艳了。
因为它太长，然后在医院？
因为斋月节即将到来，航运成本将在每箱 500 美元左右上涨。希望我们能尽快开始合作，我们将为您申请更好的交货时间。
因为有些社区成员仍然认为有些错误。
因为代码可能需要网络连接到可能无法从中国境内访问的服务器的网络连接。
因为机器人 R2000iC 的威力大得多， 电源应单独连接到机器人控制柜。
因为这些信息是非常珍贵的。我们把时间和金钱投资在里面， 所以，如果你不知道它的无用和损失为我们所有人。
因为我们总是不得不加班的时间，和西方 ppl 总是下班下午4点。
在我的床上，一群光。
在将其商店放在经理之前:
在今天之前你离开了办公室。
在你使用它之前。
通过计算机开始录制音频。允许记录满 12 小时。
不管你信不信，爸爸打你死了。
下面我用英语来表示祝福的语言，希望大家能在很早的时候打开一个账单。完成自己的宏伟的伟大事业，也希望邢通用公司创造更大的早期上市。
以下是联系人:
更好的退款，以防他留下负面反馈。
更好的 u 可以排序如何发送未发运的列表。
贝蒂买了一些黄油，但是黄油贝蒂买的是苦贝蒂买了一些更好的黄油和更好的黄油。贝蒂买的比以前买的苦黄油更好。
Bitches 和狗已经很长一段时间了。
黑色金属，具有净形状的照明，并在它们之间创建。
爆破检查 2 ~ 4 Acc
那么，现在我们有了。
排气空气预热器。
血压; 高血压，低血压。
预订从芝加哥飞往里诺的航班。这是最简单的方法。
书籍、漫画及杂志> 非小说类> 其他非小说类。
借布、扫和拖把 * 3-4;
老板， 我已经和买家联系过了，她说有个电话叫她的服务器时间交货。但没有交货 092 94 77 39， 077 334 793
老板好心地告诉我，如果任何毒贩在 60 万次以上的情况下持有股票，有多少百分比？
老板需要你的批准。
两种晶体引脚，在方程 3 中显示了有效的负载电容。
内置或集成的自动通信/反馈工具 (模板电子邮件和 SMS)
但是正如我上次告诉你的那样，每个人最终都得到了他们的极限。
但我不确定你的中文是否比译者更 “个性”
但这不是交易日吗？我的意思是有官方历史记录吗？
但正在下雨
但它是相同的开始第 1 天。
但是在互联网上，这些照片并没有出现在他们自己身上。这些照片有作者。
但是问题是，淋浴盒的成型将在 Fabruary 11 和估计的港口到达港口。 2月17日到达工厂。
但是，在考试中，我已经没有提出任何一个问题了。
但两人已经要求在印度的人们为印度人民担心银行对密码的禁令。所以我同意你认为最好发布一份声明。
但我们必须做好工作，以满足商店和买家的需求。
但是，仍然是 V10 也是很壮观的。
但是你没有把发票交给趙麗妃 MS，她的工作不能继续……
但你从没见过我。
但你应该知道你的团队的 startegy，而不是塞丽娜……
但是，我将在这个星期五下午返回韩国。所以，我得在杭州呆一天。
Amazon Customeron 2018年3月7日。
顺便问一下，我想 ICBU 发现了价格差异。
这样，他们将给予充分的努力，并专注于成就它。整整四个星期一个月。所以每周都有目标。
C) 问题是我们如何可以开始我们的直接业务轴承的特殊产品注册为育空。选择 4 DES 基于育空选择 4 (裸金属支架 )。
答案 C。由于火灾、事故、罢工等任何中断，业主不得承担任何中断的责任， 行为
Keysight Technologies NFA 系列的计算路线。
生病的呼叫必须使用定定。
我可以更改我的 GGS 订阅电子邮件吗？
我可以期待今天预订的机票吗？
我能把水送到我的教室-1204 吗？
不能使用
是否可以分享海外的装运计划？
您是否可以帮助在该草案中添加另一个品牌 chando' 产品链接？因为它也显示在尤里卡。
我们可以把纸送到 1-202 吗？
你也可以分享你在 shopee 上的其他数据吗？
你能做地面的部分吗？
你能遵循我提供的指引吗？如果你需要我的帮助，我可以在下星期一举行会议。谢谢。
如果可能的话，你能把这个演示给另一位老师吗？
你能在你身边去药店吗？
你能帮她吗？
您可以在这里粘贴订单详细信息吗？还有电子邮件吗？
你能说英语吗？
您可以用微信发送 pdf 吗？
你能给我 1 ppt 的研发项目你一直在工作吗？
你能把我的考勤表从三月份寄给我吗？
你能尽快把 SOP 给我吗？
你能在三月份工作吗？
断开连接后的车载显示。
Car source 事务: 当天，总交易 4
碳纤维织物，组织，纱线。
职业日在课堂和工作场所之间建立了一个关键的环节，让学生可以探索一个。对未来的教育和职业选择作出兴趣和准备。
用油漆喷枪将混合物小心喷洒到面板表面。
Carol 请确保这个过程也在这个过程中。
CarPlay 音频正在播放。
主菜单中的 CarPlay 图标或附件的专用硬键。
CarPlay 是打电话。您的配件接收通过蓝牙连接的第二个手机上的来电电话。
在凭证中填写的案例字段填充保护期间 90 天。
因为上面的一些信息并不那么清楚， 让我解释一下，让我们把这个邮件分成两个部分。
因接地的波动而引起的。
再次改变。06:00 前往市中心 Shangri-la hotel。好吗？
第 P4 章-实施产品和流程开发。
在您的电子邮件上查看它。
检查它。也许这个问题。
在 CarPlay UI 未显示时，请检查电话 HID 事件。”
鸡肚子很生气。
13 岁以下的儿童不得允许照顾孩子。
中国对人民币的原油进口采取了第一步。
中国驻新加坡大使。
中国人很容易。
Choo-choo 的事情去做他们或你等待你去，你去的。 tritium 铲移除微信。
克里斯是最上光的人。
Chun，你是伟大的。
辛迪，这是不同的领域。我不能对这些注射过程做得很好。
透明光圈: ≥ 31.0毫米。
清除所有当前的 Adwords US 帐户，并列出列表的摘要。
点击 “功能” 创建新的应用内购买。
CM 电信 osr 是该插座的 Kdm，由于 osr 的工资问题，他并不专注于。这就是为什么业主不关注与经销商讨论的原因将开始出售。
Co 和 co2 是 s-module
冷和热开关: 是。
独自一人，单单，单。
Come on.让我们做爱吧。
来看看这里 ^ ^ 圈是铁道部制定更多的服务领域，超市， 学校还是学校。
商品检查清单成就。
公司地区是 AU。
关注: OFO，Netflix 4 个月，和 Uber 激活链接。
条件选择您列出的项目的条件。了解更多
确认: 验证在消息和导航工作作为预期的消息和导航工作之后是否确认。
祝贺你的家人！
连接 Apple CarPlay 启用的设备，并验证 CarPlay 会话开始。
连接另一种设备，支持其他电话技术 (例如 Android 自动)，并开始一个会话。
通过蓝牙将 Apple 设备连接到配件。
首次连接到 Apple 设备，并立即显示 CarPlay
考虑包装和运输时，当决定大小。
由高品质的锌合金制成。
Convert-to-MP4 功能; 此功能是相当灵活的和。
版权©2016年，德州仪器 (Texas Instruments)
我能把明天的会议推迟 1 个小时吗？
请把姓名和地址寄给我，谢谢。
你能根据自己的经验来解释一下吗。
你能告诉我我们应该订购多少个 pc 吗，这里，最低订单是 500 个人电脑， 谢谢
仅在此阶段交叉边框。
交叉连接的单位范围从约 35，000 到 20，000，de-
晶体需要 12 pF 负载。
累积优化数量: 0 集。
本月累计总金额 11600 元。
客户带来了 3d2d 衣柜和两侧的 2 个部分的抽屉是相同的。所以他想换一个零件来配合抽屉。
Cut 6 是好的！只有一件事。
用规格 a 进行连续波测量。
捷克学生正在准备一个演示程序。它的内容和长度将在未来的几天发给你。
D) 在其他城市的媒体监控;
D33 B3 每日会议分钟与 AME 吉姆。
爸爸，她伤心哦上帝我父亲。
丹尼建议: “我们是世界” 的邁克爾·安東尼·傑克遜。
时钟日期: 2018.02.11。Com。
戴夫，我们明年能拿到课本吗？因为我正在失去这些东西。
停用支架或打开配件。
爱招供接受和财政援助的院长。
亲爱的所有 SingMeng 团队，我想确认，工资是由您的帐户 ABA 和中银 (与。税率为 399，如果您有任何问题或工资单，请直接给我。感谢你的评分。
亲爱的所有 SingMeng 团队，我想确认一下，工资是在 ABA & BOC 后面的帐户中完成的。 (薪金税 4018R) 如果你对工资单有任何顾虑 & 需要你的工资，请用电子邮件或 Digtalk 我欢迎您答复您的要求。
亲爱的所有的，是我们的桌子 TALKER 艺术品为我们的家具收藏。连同说明书，这将是有用的经销商知道。如尺寸，纸张类型打印，如何显示等。
亲爱的，我明天下午举行两次会议，下午 1:30，另一个在 3:30， 不确定它何时会结束。因此，我们没有足够的时间开会明天下午。我们可以从早上 12:30 开始？参加会议的人请答复。
亲爱的朋友们，请注意，一定要在办公室明天上午上午9点前， 因为有些客人还有会议办公室在直上午9点。这很重要！感谢您的问候。
亲爱的大家，请找到这个 CAPA 执行，跟进表格……请准备这份表格，然后今天就给我……这需要签署和保留与白色作为跟踪 CAPA 的证明。。感谢您的合作……
亲爱的大家，一些主题领导人已经安排了时间与我或给我最初的草稿。感谢你的努力去思考它的未来。
亲爱的所有， 根据计划的过程水供应从今天早上停止，并更换新的泵。
亲爱的，当我们的身体相遇时，感觉很快乐，我们感到非常舒适。
亲爱的同事，我可以请您确保您的电话号码设置为 “可见， 为了方便邀请为我们正在工作的项目创建的不同组的邀请，我们正在进行工作吗？感谢你的评分。
亲爱的马丁，请注意，这楼梯将在今晚结束。今晚还需要掩护。楼下的房间太脏了，我只好把它们扔了。
亲爱的向我保证，你会永远快乐，因为我一直和你在一起。
亲爱的先生，我已经通知了我的 delar
尊敬的管理层和同事，请您尽快找到本公告。
献给我们的超级女性！
专用 vs 非专用 Siri 按钮。
通过真正的 vedios 更深入的 konw
比 LA 更纽约。你只是指贴纸在纽约的地铁卡吗？我也很喜欢猴子的钥匙圈。
丹妮丝，你必须给我买午餐，我被传唤到小报上解释了 3 个小时。
设计开发/建筑文件 4-6 周。
尽管有多次提醒，我们还没有收到你方的任何付款或更新。
Chai 还是不回答你吗？
你问下 11% 了吗？
你吃得很好吗？
你来讨论 Rayburn 的进展了吗？
你醒了吗？
数码织物印花棉莱卡。
Dingtalk Winter Bonanza 为 Paytm 员工提供独家优惠。
断开设备
探索新的方式，使生活更健康，并更好地与我们独特的想法。
讨论生产计划。
取消备份照相机。
我需要为这个加薪吗？
不要让任何 cm
不要让他们用这个小组来讨论我们的工作 ！！！！！
不要回头和悲伤的过去，因为它已经走了。活在当下，让它如此美丽，以至于值得记住。
我们是否正确地假设前三天的程序在早上的学生中被划分了。老师会在一起， 在下午，学生将与主人的家庭和教师进行单独的节目，并与学校代表进行单独的会议吗？
我们做压缩成型吗？我认为这是外包。」
你接受委员会: 是吗？
你有最新样品的追踪号码吗？
你有马来西亚的计划吗？
你有早餐吗？
你是否有我们所使用的合同 (为竞争，而不是 NDA)
在我离开之前你还需要我做什么吗？
医生给了我休息，但我将在房间里工作。
流程图是否说明整个过程从接收到通过航运，包括外部流程和服务？
疼痛能改善药物/休息吗？
不要在这里放箭。
别指望别人能支持你。
更多信息请不要犹豫。
不要那么努力，最好的事情是在你最不希望的时候来的。
在生产线的生产过程中，包括测试期间，不应该从单位起飞。我们应该保护外观和油漆和框架。
床单用染色、印花图案和纯色棉质面料。
每个帧都应该生成一个新的图片。
早些时候，我在周日下午被告知登陆。
早期计划: 3月7日。
复活节周末即将到来，我们想告诉你，我们将在 3月30日的好周五休假。及复活节星期一 4月3日 2018年4月2日并返回到正常操作的。
伊顿屋牛顿幼儿上午11:30
优雅的设计和完成。
大使馆费用和服务费。
结束呼叫，并等待，直到 FM 收音机恢复。
生产自动化工程师。
英语作业: 1。阅读教科书 32 页，33 页，35 页文本，三次。2 、书 67 页的 M6 字，点读 3 遍。
在 “用户名” 和 “密码” 字段中输入演示凭据。
嫉妒，嫉妒和讨厌！
埃里克，u 应该请求雪添加您的马来西亚团队经理。
正在等待批准的 ERP 系统类别。
升级到客户的管理。
ESR 必须与外部电阻增加。这种增加的 ESR 的最大值叫做。
Eugenio 将短于 25 吨超，他提议在 2019年2月初。
每次你来我的路上。
每个人都想要幸福，没有人想要痛苦，但在没有雨的情况下，你不能有彩虹。
组中的每个人都是达维的弟弟。
每个人都需要承担他们的基本工作的所有权和责任， 然后，他们需要作为一个团队来实现公司的目标和目标。
大家都在谈论我们的形象，并作为一个五星级的酒店， 然而我们开车和老丑陋的卡车交货。
每个人， 请向 2017年综合存取室的综合存取室提供资料电缆和电源。，此组中只能使用百分比。
除了 2 个连接。
展览中心: pazhou 展览中心摊位号: 13.1 G33-34 (Hall 13， 第1 floor G33-3 日期: 第1 至 5月5日，2018年。
按 OEM 图标 (如果支持)，通过按 OEM 图标退出配件 UI )。
外部船体低于水平线。
F) 我们知道，我们将必须经过临床试验的这些产品之前，获得批准的外交部。在中国医院使用的健康。我们能将这些产品出售给临床试验吗？
F) “该机构” 应持有无害的，并赔偿 “客户” 对 “该客户” 造成的任何损害。客户端 “由于任何供应商错误和/或服务的性能受本协议的影响， 包括由 “代理” 参与的第三方提供的服务 ”。
F7 在移动区域出售。
织物是人造丝的，不是粘胶的。
面料材质: 天然棉，具有安全染料，印刷和刺绣。
因子 (SF) 边距。做负阻力试验是很好的做法，以避免振荡问题。
家庭爱情是世界上最真诚的爱，我非常珍惜它。
无卷曲的快速矫直速度，具有更好的平滑效果。
联邦巨头汽车零部件公司在 6月13日的特洛伊市举行了我们的 NA 供应商日会议，2018年6月14日至。加入我们，我们将分享见解、观点和技术，帮助我们一起赢得比赛。
感觉有点不舒服。我今天不去办公室，但随时都可以去接丁丁。将申请 1 天 off
法拉利黄色，不正确。
玻璃纤维毡
填充 4 现在工作正常。操作员通过 readjusting 标签辊和它的刀具对标签问题进行了分类。
填充选项 #1:100% 棉纤维。
最后，我意识到我们只是一个电子邮件客户端，我们不是电子邮件提供商， 核查不是我们的职责。
财务部门考虑我们的考虑很重要，我们已经要求我们的请求及时解决，除非否则，我们就把我们的要求解决了。不必要的压力。。。！
查找本地号码。
查找 CarPlay 控件: 附件发出的连接命令。
吃完午餐，吃更多，我们就会打电话给你。
首先提出一个计划，然后提供每周更新。
首先，感谢您的信息。
我们赞助的奥运运动员一年的第一次胜利，涵盖了所有相关媒体。
飞机到达时间: 21:35
面粉 2 袋，水 4 箱，番茄酱 5 盒和米琳达橙 3 例。
FM 收音机正在播放。
FMS.7.2 ME1 吸烟策略，如果有任何例外。
跟进新客户: Farshid 先生和 athar 先生约 1 个。超级说服了他并确认了命令。
对于每个命令，请验证在语音输出中没有音频剪辑、失真的音频或工件。”
为了更容易和更有效的学习，今天请你花点时间阅读讲义和手稿。
对于 FT: 第三个月作出决定，如果他/她通过集成或不。
有关信息，业主想在 2 或 3 天内完成绘画工作 (紧急工作) 在 owner 确认后。
对于法律 DD，也为您的记录， 它是全扫描的中国合同的扫描副本的 zip 文件。
对于新应用程序，从设备中卸载您的应用程序的所有先前版本的应用程序， 然后安装并遵循步骤，以复制该问题。若要更新，请将新版本安装为新版本的更新， 然后按照步骤复制这个问题。
现在我们都可以站起来了。
现在，我已经把所有的悬吊的。
对于 OA 组，我们被告知当前总最小 txn 卷 (所有付款方式) 大约 45000万 THB，(基于 1500 人 * 30 天 * 10， 000THB/人均商人估计 )。
明天到深圳的 1500 个出发时间， 请让处理人员把我们从酒店接我们 1200 请。
用于为 App Store 创建大屏幕截图的资源， 您可能想要查看 Apple 开发人员门户上的应用程序存储产品页面信息。
有些事情，当我们年轻时，我们无法理解，但当我们明白的时候， 我们不再年轻。
对于上述各行，我认为推广和折扣是我们花费在优惠券上的预算。我可以检查以下内容吗:
为着色部分: 4 个不同的纸张与 4 个栖息地 (森林，海洋，农场， 树)-一个为每个孩子，动物剪纸 (熊猫，狮子，鲨鱼，海豚， 羊，鸡，鸟)-孩子们需要把它们放在正确的栖息地和颜色的一切。
对于使用 226 & 223 新 certs 的设备结束，您应该已经收到了一个通知。。对于 226，它已经被处理。对于 224，我仍然没有看到任何变化。
我们的物流载体是我们的沟通谈判，我们包装的产品， 和抗应力的更好的包装。(直到交付给产品的手是好的，完整的)
最重要的是，人们在我告诉他们错误的地址时，向他们道歉并继续前进。
新的一年，蒋介石魁总统仍在四处旅行。你还欠你的钱给公司，你也不会忘了借。
对于 A88 的项目， 我们需要考虑一个新的机器 650 2 k 或是开发团队修改模具。要使用 550Tn 吗？
为了学生的安全， 在蛇口体育中心，网球后校计划接机的地点将被改为网球场。谢谢你的合作。
这个月我们也有 ASM 的政策。
对于英国来说，它是我们的授权的重新授权。法规要求的变化是为什么我们需要进行间隙分析并填补空白……差距主要是数据和网络安全和治理，因此我们设置了 RMC
对于您的新供应商，您给出了太多的信息。
平均织物性能测试。
运费 (Amazon Pay) -如果您选择使用 x % 货运津贴选项，Amazon 将涵盖所有运费。我们的履行网络以 x % 的扣除，从我们订购的产品总额中扣除。从你身上得到的。
频率: L1，1575.42 MHZ
朋友们别忘了带一个约定的下午。
樱桃番茄在西班牙红葡萄酒中游泳的青蛙酒醉。
付款方式: 网上付款。
前面的房子员工-他们将需要开始与客户沟通的习惯。EG……向客户分发 chit 表， 他们需要告诉顾客 “今天的龙虾价格是 xxx，蟹价是 xxx ”。
Fwd: ZRK 缺少信息的手册。
通用和行政 (G & A) 自动化。数字化核心 G & 一个过程，创造更多的效率和有效性。在成本和效率方面，领导人已经捕获了 20 到 50% 的改进。
一般的晚上只是出去玩。
获得 40% 现金回赠空气净化器和房间加热器。
获取 exec 日志错误，不要查找步骤的日志路径，stepId: 1060732
女孩，你知道我想要你的爱。
胶水路径: Y + 区域的直线为 3毫米的直线; Y 区的斜线为 2.65毫米的斜线;
从安全的房子到南，然后往东到绍阳州北利，然后向东到圣永兴和。然后去东边的白宫。
去旅行
Go or not go home
去 Quantico，我去那边去。
黄金必须镀后。
美好的一天！谢谢！请保持我的安装进度更新！
晚上好，大家，我们将在明天早上的会议上，在明天的会议上举行一场词翻译比赛， 内容是关于人力资源的。期待您的参与！
对你来说好是卖了，现在有很多利润了。
良好的学习，一天的时间。
早上好，我想解释一下内容银行的工作流程。内容银行除以 2，有内容银行本地和国际。
早上好，郑先生，请给我们带下面的面包粉，煮饭， 海因特特别为水手。友好的问候
早上好，16 次审判。模具是否已准备好生产零件或 fxing 到机器上？
Good newsOne 在本周 15 上给出了 5 个额外的空间。
好，它已经送到中文。
好啊 Good。你可以和你的男朋友结婚了。一起快乐
Good……请做必要的。和办公室人员的任何输入 ？/
再见太晚了。
被中断了一半-c -____-
得到它，感谢提醒。
抓住我的腰，把尸体放在我身上。
太棒了！只是要打字
青豆蛋糕销售: 2 盒，交易比率: 2.32%
来自 Amazon 品牌注册表支持的问候语，
当您请求访问该组织时，请使用您的姓名，而不是电话号码……我将拒绝这个用户，因为我不知道他/她是谁。非常感谢
H) “代理机构” 同意与第三方执行所需的协议，以便遵守目的。本协议的。
H-42088-00，11毫米宽，但样品只有 10.5毫米宽， 必须修改模具并重新提交，以再次检查。
哈哈……你不是幸运的，因为你的幸运星已经消失了！
脱发的妇女的头发关闭。
发给 [河南罗河过境部 ]， 如果天气不耐因素可能有点延迟，请原谅我哦！
祝你生日快乐。
来自巴黎的新年快乐。
新年快乐，我希望有 B2B 数据年的狗王王王。
快乐的妇女节对所有 MONTANARI 妇女的同事！
很难亲吻商人来处理它吗？
如果需要，有一个主示例，是否被保留为批准过程的一部分？
已被指定在一只手: 0 off 0 组。
Hastings 还表示，迪士尼最新收购福克斯资产并没有证明对该公司构成威胁。除非他们 “放松 ”。
Hastings 进一步解释了 Netflix 对其电影的一种良好的衡量标准，说明: “我们直接衡量 [成功] 的方法，然后在观看整个电影的时候，还有多少人观看整个电影？ 下车。”
祝生日快乐乌先生生日快乐！鹅快乐！
已经做出了，谢谢 u
样品生产零件是否根据客户的要求提供？
你能够收集第 4 行油漆消耗信息吗？
你能收集第 4 行颜料的消费信息吗？祝贺你的家人！
你让我在这个月有超过 80 次以上的会议了吗？
你看过录像带的报价了吗？
有害物质。合规认证是
他给你买了两双。
他递给我一张层压卡，说: “我是 Abdul，您的司机。当我在箱子里装你的袋子时，我希望你能阅读我的使命宣言。”
他打算给 tommorow 写一份正式的电子邮件，然后发给我们， 在平均时间里，因为我们没有工程师指导书， 他将与建筑师交谈，要求他在建筑师指导书中向我们写信给我们。站点
他需要提前付款。
他和你在一起。
HEAD OFFICE REGION ALE DE LOME 附近的酒店。
合肥基金会今天暂停上课的通知。
身高是一个坚硬的伤口。
你好，我可以有 1 个大的披萨吗？我要意大利香肠，菠萝，青椒，红辣椒，黑橄榄，蘑菇， 还有额外的奶酪。
大家好，这是一组所有的商务中心和运营中心， 如果你有任何事情要与任何商务中心或运营中心的人讨论， 您可以在这里发送消息。
你好芬妮。如果我用我的银行信息和社会安全号码发送电子邮件，它会被加密。那将是安全的送吗？
你好，晚上好。让我们在明天午餐后的快乐时刻，让我们谈论这个主题。这是下个星期的。
你好马丁！萨姆告诉我今晚你要去 XTD 把家具盖起来。
你好萨姆和 Devin，
你好 shelly，要抓什么？
你好团队 254，如果你有衣服， 你想在明天捐赠的鞋子或东西。一些人的房子在 kibera 这么友好地被烧毁了，如果我们能提供任何东西 (两个孩子和成年人，我们将相应地分发。提前感谢您。
你好，你能确认 3月5日和 3月6日你送了多少首歌吗？
Hello！很高兴见到你们所有人！
你好，你能告诉我谁在 Newegg 账户上吗？谢谢你！
你好，我在晚上得到了一个可怕的寒冷。我得休息一天。
你好，我们需要 2 个买家。
Hello.everybody。很高兴见到你，我的自拍在这里。
帮助您获取应用程序、 IAPs 或绑定到 app Store 对我们来说非常重要， 我们正在努力处理所有的提交，尽可能快。
亨利有发票的实物副本。亨利已经把所有的钱交给了 Rachael & 你。
以下是问题的答案。
下面是下周的日程安排。我们将继续鸟类的主题。
这是一个令人兴奋的消息，我们希望与您分享！1月11日，我们与一些玩家和我们的游戏设计师举行了一个成功的视频会议。在这次会议中， 我们的设计师提供了大量的硬核策略，我们认为这对你有很大的帮助:
下面是产品的详细信息。
我找不到赫哈巴账户。
嘿，这两个横幅都有个小问题。
嘿，大家，不要忘记投票为在 int 教师组的时事通讯！谢谢！
嘿，伊西，我今天晚上在 xjk 做一个演示， 但是今天我不在办公室，因为我在泰格写了一份新的培训套餐。
嘿，银 ！！！Yeah long time no see。你怎么样？
嘿，你需要什么药物？
嘿，女孩，让我和你的咪咪 yi yi play 好吗？
嗨，我的扁桃体炎从昨天开始，我发烧了。
嗨，艾琳娜，你能分享 T2 lite matt white 的 partnumber 吗？
嗨卡罗琳，请您在 SEBAMED 身体护理产品上附上报价， 包括买方确认的初始订单数量。
大家好，从现在起，我们将用英语来讨论这里的业务。这将是提高我们的沟通能力的一个好方法。
大家好，我今天收到了几篇文章，在我的电子邮件中，关于 rush 丰富的情况。现在他们正在改变一些 austalian 的出口法律，因为我们的法律诉讼。
嗨，伙计们，我要从 9 号到 23 号出发。我的工作组织如下:
嗨，冰雹，你是从假期回来的吗？黛博拉让我去找你帮忙为我们安排一个账户。我们发给她的候选人。你能帮忙吗？
嗨，利奥有一些事情正在发生，我没有任何信息，我们应该。为了让一群我们没有参与到第一个地方的晚餐，我们没有参与到第一个地方的建议。
嗨，你有什么英语材料的馆供内部参考吗？
嗨，我可以知道，如果我们能够连接到 max计算与其他报告工具说 powerbi？
你好米歇尔和亚洲，我已经创建了这一组，以轻松连接彼此 :)
嗨，弗兰克先生，你好吗？
嗨，请通过阿里巴巴提供有关交易的信息。
你好拉维，请与房东一起发起交接过程。他们把存款或安全的钱还给你， 请将其返回到 FADA，然后 FADA 将根据新的合同重新发布。谢谢！同时，我认为三月将与 1月和 2月相似。
嗨，Relly。现在打开 BF1 类的任何日期集还在吗？
嗨塞繆爾·朗，你在新奥尔良吗？
嗨，抱歉，sharup，旧的 2d 目标计划更新了。
Hi 团队-任何人听到客户被要求下载一个应用程序，并确认他们的位置作为一部分。它们的 ICP 应用程序？
嗨，团队，我可以了解到 fintech 代表团的访客的详细信息， 我可以开始开会了。
嗨，团队，我们可以在大堂 B 塔前面的电梯前面见面吗。请从你的部门带来 3-5 名员工，谢谢！来自 GM
嗨，团队，在新的 frilly 页面，Patrice 指出了一个重要的错误。裤子和衣服的图片是翻转的。
Hi 团队，请确保配置与 doc 相同。BRI-VA 的互连。
嗨，团队，请在您方便的时间，完善的网络测试工具，学习这个工具，完美的网络测试工具， 也许我们将来会经常使用它……
嗨，团队，这个项目有超过 100 个喜欢。它什么时候可用？谢谢。
嗨提姆刚刚和一个， 她说你告诉她一些其他费用的费用，我一直认为这大约是 4 w， 我们该如何对它进行分类呢？知道这些目的吗？
嗨！你能告诉我如何在网站上展示如何标记织物吗？还有一种方法来更新网站，这样面料就会在织物上卖出来。页面的选择部分。
嗨，你现在有空吗？
嗨，我今天收到了这个项目，但没有固定支架或螺丝。
嗨，约瑟夫很抱歉，我今天迟到了，今天我下班了，tmr， 你能联系 Amelie 吗？她在看今天，我也会向她转达，所以对不起。
嗨 Dean。我想在 3月24日休息。因为我有拼贴入学考试。这意味着我在 3月26日工作，在 3月24日的一天。没事吗？
Hi，钉钉团队已经收到您的反馈。我们会处理你的要求，尽快回复你。通常，我们的客户服务团队将需要大约 2 天的时间来处理请求。感谢你的耐心。
他的未来是自己做的。
历史是时间的维度的重新缠绕在一个个体的时间内的场景。
红达，我们是否需要支付那个成熟的 maret？，Sasa
希望所有在 deaprtment 工作的人能更注重合作， 在转移和工作的情况下移交。谢谢黛安娜
希望你周末过得愉快。
时代是如何改变的。
2018年一件红色的怎么样？
其他网点如何？
触摸人如何？
你怎么样，如何度过你的假期？
我们怎么能得到这么高的污垢？用脚打开门吗？
你多聪明呀
你现在感觉如何？
它是如何打破的。
疼痛能持续多久？
我们有多少种不同种类的样品？
有多少孩子可以到达我们的演示目标？
每个电源的输出数量是多少？
今天的视频表演如何？
花仍然以他所克服的障碍为基础，以达到他今天所在的位置。“刚开始的时候我们没有钱，它通过忠实客户的关系，Ag- vison 已经长大， ”他的股票。
飓风日常分享: 在逆境中绽放的花朵是最稀有和最美丽的。
快点第二件事！
我不喜欢布莱克。
我还记得
我一直在等你。
我是一个 21 岁的男性寻找一些额外的钱为大学，所以我可以在我的工作。梦想目标 (核工程 )！
我也在工作。
我在门口，你能帮我打开它吗？
我有空。如果是对的话，请让我知道。
我做得很好。POC 从现在开始，有很多东西可以管理。但对我们所有人来说都很激动人心。
如果我能再和你一起工作，我感到很高兴……
我很高兴告诉你阿里巴巴已经为美国做了一些活动。
我现在在家
我不是一个良好的条件。
我仍然是唯一能签署合同的人。因为他们必须检查。谢谢。
我想在单元格草图中添加， 所以，mapper 不需要自己输入详细地址。
我试图在我的笔记本电脑上设置我的 yingmo 电子邮件，但我不知道我的日志详细信息。
我很抱歉，但我不明白如何在这方面帮助你。
我在等朱先生的门安装。
我是你的男人不是男孩。
我很久以前就申请了定定 PC 版。但还没有开始。
我欣赏激情 Simas 的表演， 如果你有空的话，欢迎参加会议，即使你在度假， 哈哈。
我问一个详细的清单，什么是在 STB 纸箱， 这个盒子既不包装又被海关打开， 我们有一些损坏的物品和数量的项目不匹配的 \"14\" 说在。 comercial 发票。
我相信，羊群的健康来自于狼群的追逐。
我为您计算价格。
我不能接受你的扩张，因为这是第2 的采购。第1 的订单是 ok 的。所以我又点了点。
我无法下载丁丁，因为我的手机上没有内存。我还能来参加聚会吗？还有其他人在同一个位置吗？
我还是可以去，因为医院在杭州公民卡名单上， 但我需要使用 fapios，并得到偿还更少……
我可以告诉你，如果你想继续从外面跟踪客户，你将会得到更高的回报。佣金来支付你的费用， 但我不能每月给你付月费。你想要什么，你可以选择。
昨晚我无法回答你的问题，因为我没有资格任何角色。
我不能给麦琪批准……
我不会说英语。你有翻译吗？
我检查了 G37S04 的批次，因为铣削改造后，有两个批次，让我担心。有 120 微米的 Dv90 和批次的 MSL171218005 havind Dv90 有 53 微米。这两个批处理的材料在 2017年的正常范围内有很大的区别。
我快速连接到我的 Mac， 得到了一些数据，然后关闭了程序，并切换回公司的 Wifi。
我创建此组，以告知消息并管理项目文档。
我创建了这个小组来告知任何来自厄瓜多尔的消息。
我做了上半场，
我也没有得到 BISMARCK。
我不想看到你把你的妻子挖出来。Hahhahahah
我没有你的问题，我们只是在我们的帐户上测试，没有问题。
我不知道有没有人看外面，但它会是相当危险的移动……
打羽毛球后我感觉好多了。
我感觉很紧张。
我乘公共汽车去上班。
我收到了你的邮件。你能告诉我什么是 Engglish，请吗？:Ð
我想这是一个简单的选择: 忙碌的生活或忙碌的死亡。
有一天，我有一个梦想去做分裂的事。
我接受了你的朋友请求。现在让我们聊天！
我已经准备好了考试。
我只是请廖用两种语言。主要是汉语 (较大的字母，在上位) 和第二种语言是英语。
我没有习惯用英语和你说话。
我没有什么可以带走的。
我给你提供了很多你没有使用的照片，例如: heli 男式夹克 14574， 请参考附加的文件-KMD 冬季 17-nz 产品 4550 和 Epiq 女式夹克。文件 KMD-winter rt-4430。
我收到了灯并检查了它。
我把热泵的热量降低到 40 度，但它不会从游泳池开始。处于 “过热” 模式，无法重置。
我已经说过，我从来没有见过比我的梦想更重要的人。
我强调了一些关键的句子。享受阅读。
我希望一切都会好。
我希望我没有发现任何进一步的问题， 请让我知道哪个 SA 负责未来。
我只是现在有时间准备了， 我在周末只为我的课做准备。
我刚和托尼和质量保证部联系过了。无法使用 N 注册飞机的 XY 零件。
我刚接到办公室的电话，他们说他们会在五个时候到那里的。他们说他们会把它给我的 xto 的方式，他们将会在那里，但他们。是不能
从开始我就知道了。
我知道我们所有的人都非常努力，我爱你所有的人。
我在税务局的谣言中知道，他们确实在密切关注卖方的账户。出售的
我知道你的意思是什么我问的是一些人送我城市 soicic 元素。
我知道，我的时代真的很困扰我，让我感到沮丧，尤其是在它到来之前的日子。
我喜欢红色的信封。
我喜欢抓住你的屁股。
我喜欢你，但是就像你一样。
我已经登录了，但需要有人来演示如何使用这个给我。
我期待你的回复。
我喜欢丛林，但他们很难生活。经常有很多蛇和昆虫。有时我睡在树上，当下雨时，它是可怕的。
我喜欢这个新的阅读体验！
我喜欢这个世界上的三个东西。
歌词大意: 我爱你的月亮和背部。
我爱你甜蜜的梦。
我爱你，但我不能和你在一起。
我爱你，小法师。
我爱你。我想你了。晚安
我爱你。莉 leying
我在好商店里保持库存，
我很想你
我需要在商店的客户服务的 2 个员工服务; 2 平滑的计算机; 2 个麦克风和一个在仓库的桌子和安静的周围谁应该联系我？
我需要从上海君悦大酒店到杭州 jw 万豪酒店。
我需要输送带的报价，在机器上提供长链接。机械上的衬套 flare 工具。Qty2。
我要把它寄给我们的客户。
我注意到，结果不符合规格，噪声和增益太高， 横杆太低了。是否有任何计划，以改进设计，以满足规格， 还是需要英国的建议来改变设计？
我曾发表过一篇关于幸福的讲座。
我只会改变大问题，小问题，我会联系他们，并要求他们接受或等待。新到晚
我建议你最好不要告诉你的客户你的价格策略。
我真的需要一个新的电脑来体验我的工作。关于 ana 小时，我正在尝试的是等待计算机开始工作。
我真的很喜欢后院。
我收到了万向节，当倾斜时，它将相机倾斜到一个对角线的平面上。我已经在网上和离线校准了几次，但它仍然是相同的， 所以我想换一篇文章。
我收到了形式发票。
我告诉你不要被暴露， 但是，很惊讶的发现，你已经失去了自己的骨髓。
看到科迪已经开始测试 Rogers 股票上的颜色，我们也会测试很多。问题的材料。我们可以分享颜色值，然后按照你的方向去进行。
我向您发送了一个请求，该请求测试人员已确定了与 shipToCountry 有关的现有问题 (我们共享在组中) 聊天 )。那么我们需要解决这个问题吗？Plz 查一下。
我给你发了个报价。请看一看。谢谢您。
2017年6月1日，我开始在 VIVO Sargodha 的工作，作为一名销售主管。
我怀疑我们应该使用以下是由以下提供的。
我想是因为我的电子邮件。
我认为因为 instagram 没有另一个详细的页面，所以把它们放在图像下面。
我想现在我们更准备改进，因为我们已经得到了更多关于 Boke 需要和限制的信息。。
我想我们的营销试图联系你。
我认为我们应该添加分析选项 2 与 1 运算符 (描述附加 )。任何可能的技术改进的装配，使相同的操作员可以在两个焊接和装配都可以使用左。和正确的部分。
我认为校长被她的 “从不放弃” 的精神感动了。在我们的生活中，如果我们遇到困难，我们就不应该放弃。
我想他们阻止了在 whassap
我想我们需要谈谈我们的关系。
我想我们应该发布一个消息给用户，并告诉他们在应用程序上。
我昨天走了一趟， 但我想在周末工作，以获得补偿……请建议。
我拍了一张地图的截图。
我用相机拿的。
我试着说服他们， 但他真的很生气，因为这是他们第二次在这个屏幕上遇到同样的问题。。而且，他们也阻止了我们最后的付款，因为这个问题。
我相信这封信会很好地找到你。
我理解它的按字母顺序从左到右与 figgy 和签证总部在中间。
我明白，父母不喜欢改变。老师不喜欢改变。但是新老师需要上课。
我知道我们已经生活了，当智能路由邮政编码是实时的。
我希望测试集的参数设置为以下条件。不要试图在烤箱的控制面板上进行温度读数， 唯一的相关温度。阅读来自在烤箱背面安装的温度计。
我想在上周和本周拿到钱，请……
我想要在今天休息一天，并已经为定语的批准发号施令。老板好心地批准了我的休假。
我想和你谈谈，你会找到合适的人，也许不是现在， 但她会在你的世界，不要担心，珍惜现在，一个月……
我要感谢我们的舞者们！我可能是偏见，但我认为你的舞蹈是最同步和专业的。感谢您为我们的观众提供了许多小时的练习，为我们的观众提供了一个非常好的表演！
我被告知要申请离开这些日期 2018-2-12 至 2018-2-14，但我为 Floris 所覆盖。时间。从 2018-2-22 到 2018-2-25，但我并没有在这里使用任何假期，因为这些日子已经回来了。那我该怎么进去？
今晚我无法在 tge 教室里打开我的 flip图 flipchart。CT 也没有，所以谁知道该怎么做就得在明天上课之前给我看。👍
我去睡觉了。
我还需要您的团队的其他信息，关于生产时间线和我们的更新产品。将在 2018年制作。我的预测将考虑新的产品版本。
我将不胜感激，您可以再次验证我的帐户的详细信息。
我将在这一周内通过我的中国支持者买下它。
我会抓住你的。
我再给你一次机会来选择你喜欢的平底鞋， 不需要张贴我们要求它的人。
我会想念你的。
这周我将为每一种类型准备 30% 的盒子， 然后以 1-5 盒的顺序完成它们。
我将发送更清晰的白色区域是光。
我明天带你去公司。
我将尝试在美人鱼罗姆人，并给我的宝宝拍一张照片。我也会给你反馈的泡沫连裤，将很快到达。
我将尝试去除混合汁中混合的香草冰淇淋， 因为在纹理上，sorbetto 和 gelato 之间存在着显著的差异。
我将在我们这里的脚本工作。希望星期一下午 (美国时间)，星期二上午你的时间。
我希望你能得到好成绩。
我想检查有关较大主题的期刊。名单上的大多数期刊都集中在生态学上。我认为我们应该在环境领域了解技术、可持续发展等方面的问题。
我想知道你是怎么重新定位资源的？
我想提醒各位在工作场所保持清洁的重要性。
I，ll never let go
我。它是信息，将其披露给接收方， 这些信息已经向公共领域提供了;
我将在五个会议上出席会议，我将会给你一些机会。
我怕他想要点什么。
我很高兴我们与 Worldpay 联系，要求取消服务，只是需要西蒙的电子邮件。凯茜， CC me。只是需要明确并考虑到英语免责声明，
我把床单做了。
今天早上我和首席执行官简短地说了一句，并与秘书进一步谈了一下; 他们正在检查他们的法律，他们如何能够在没有违反《 TPG 》的情况下，为这一讨论提供便利。他们私下想跟我们见面，很快就会回来的。
我也很高兴与任何一个对一对一的会议感兴趣的人见面。
ID 公差: 至 8 \":-0.00 至 + 0.125 英寸 8\" 及以上: -0.00 至 + 0.250 英寸。
偏移加热器的想法相当不错，但是形状看起来很丑。事实上，在我看来，最好的露台加热器必须从底部加热。
如果可能，请安排 zuli 工厂样品的外观。
如果 500毫升，请检查您是否还可以发送报价 400毫升， 被涉及的买家所建议的……
如果附件被称为，并且不存在， 请通过登录到 myboeingfleet Service 请求应用程序或联系您的波音现场服务代表来访问它们。
如果每个人都清理自己的混乱， 没有必要要提醒人们所有的时间或对大的干净的 ups 每一位。几个月。
如果我敲你的门，你把我赶走，我想我会死的。
如果有人帮助我，我可以携带它。我只是需要有人来平衡等待。
如果我告诉你我以前有过一件事。
如果是历史文件，我不认为我们有它为最新的法域对吗？
如果是紧急情况，我们今天可以尝试得到一个。
如果它对你施加了很大的压力让我高兴，那么我宁愿不愿意。为什么让我为你的代价感到高兴呢？
如果没有，我们可以讨论这个问题。
如果不是，我们还需要解决这个问题吗？
如果有人想在名册贴后离开， 请让你的同事和你一起换班，并得到主管许可。在我发布名单之前，我会尽力安排你的取消要求。感谢您的理解和合作。
如果附件不支持 limitedUI， 请验证 limitedUI 和 limiteduielement 未在信息响应中列出。
如果附件实现了警告/弹出消息，需要直接用户操作， 验证，如果在 CarPlay 会话中显示消息，则会将附件转换为其本机 UI。
如果附件支持电话方向盘控制的闪光灯或钩开关和下降， 验证按下控件不发送 requestUI 命令。
如果 Apple 设备断开连接，则 CarPlay 在汽车显示屏上显示， 验证该车是否优雅地落在进入 CarPlay 或主菜单之前显示的最后一个屏幕上。系统的。
如果 cpv-3inr 的着陆速率是 40%，最后 cpm 在 8-10inr 周围。
如果显示器使用 hi-fidelity 触摸， 验证用户感知的端到端延迟不超过 140 ms。
如果司机不能照顾车，意味着司机不做好！
如果用户正在查看主菜单， 验证该 CarPlay 图标是否显示，当用户选择它时，CarPlay 会显示出来。
如果有任何 kandy 预订， 请打电话给酒店，并与他们进行双重检查，因为 Kandy 城市没有互联网， 因此，他们是 unbale 来回复我们的电子邮件。
如果我们有一个帐户，那么我们会自动在绘制？
如果我们要使用相同的字体大小，请让卖家在下面插入 2 个空白行。
如果我们需要带走。
如果是，请提供详细信息。
如果你有时间的话可以一起唱会今天下午下午3点。
如果你有兴趣做一个 DOTD 的建议，请填写 excel 附加 (EN 版本) 下面的示例。
如果你想成为一个专业的垒球运动员.这个广告不是给你的。
如果你太忙，请 Ansar 或 Ammar 帮助你。
如果你不能这么做的话。如果有任何问题，你需要去客户网站服务！
如果你不能，所以我现在就睡觉。
如果你选择相信这个声音，你仍然有机会活着。
如果你的邮箱里没有它，请告诉我。
如果你没有再次报告，有人从我们将会来，将会关闭你。
如果你一直在骗我。我不能帮助你，我不想和那样的人在一起。
如果你永远不会放弃，我会在生命和死亡中。
如果你还能取消酒店的话，那你就可以取消她了。但这是个麻烦，所以你能否决定你取消或没有改变？
我给你讲两遍。所以在未来，你们俩都在分担责任吗？
我将向你传达一个关于我明天早上可以接你的位置的信息。
我感觉已经厌倦了。
我在修理地面，因为地面有很多问题。
我现在就去大便。
我今天要把雪茄放了。
我被锁在哈哈哈哈外面。
我正在寻找具有以下规格的产品:
我更担心前者。
我在驴子的皮肤上。
当我必须要的时候，我才会勇敢。勇敢并不意味着你要找麻烦。
我对这种情况感到非常满意。
IMEI 数字是否已激活？
在一份声明中， 美国化学理事会主席兼首席执行官 Cal doolley 说，美国的化学制造商 “相信自由和自由的原则” 公平贸易应适用于 [世界贸易组织的所有成员 ]， 包括中国。”
在预期中，我们建议以下议程:
在 ATS 实用程序中，选择服务器测试。
在 ATS 中，查看请求。
在父母面前
在我的小学，当我看到同伴压力。
仅在私人、家庭环境中，而非商业用途。
在能见度方面。
在附件的信息响应消息中， 验证该配件是否指定音频流、音频类型的音频延迟， 和音频格式。
在附件的信息响应消息中，验证 deviceID 密钥是唯一的。
在下午，准备踢课件，和单一游戏的形式， 与代理商和区域经理沟通开放活动。
在 CarPlay Session 视图中，请参见附件的信息响应> 会话响应详细信息> deviceID
在未来，钥匙持有人在飞行甲板中，钥匙属于。
在组中，始终使用重要图纸的屏幕截图。不只是附加 excel。或者 PPT。手机屏幕扭曲了一切。
通过提高成功率和提高忠诚度和钱包的使用，增加转换漏斗。
事实上，我所期望的行为是有效的开始版本 3.6。
影响是鼓励人们做正确的事情。
启动一个电话，并验证调用方是否听到。
而不是把空瓶子放在饮水机旁边，为什么我们不把一些满瓶的瓶子放在那里呢？
铁材料在一段时间后会生锈。
你总是用同样的词来拒绝我，这真的很重要吗？
是正常的，冬天，细菌生长，气味，可以处理。
内容是否具体？
有什么日子是自助餐的决定吗？
是否有 iflytek 输入法？这个函数非常强大。
有没有办法把我的注册再次与中国的文件，但保持我的美国 phon enumber？我们可能需要成为一个例外。”
是否有适当的批次可追溯性程序？
问题涵盖: KYC 1，无法访问 2FA (SMS 和 GA)，验证高容量存款。
它允许我们通过电子邮件联系您，当我们需要。
它可以温暖我的身体。
这是有点困难的， 我需要 3 天时间修改细节，并更改照片。
它在大包或小袋子里？
为了恢复，必须移除 wifi。
这是不正确的，电梯预订时间不能改变，不要担心它， 离开它，让取消订单， 我们不能为他在星期二的特别之旅，无论如何，无论如何。
它只有五度！今天很冷！你需要比以前更多的衣服。
它是对的，但你不能屈服，因为我不需要给它一个数字，因为我不。知道吧。
它是同一个数字，去 ngoumba 没有错误。Dk 0201 af。
他或她的工资是被罚款的。
它一直在尝试安装和不断得到错误，没有办法让我停止它。
它看起来很好，我们可以请加文来起草工作几分钟吗？
看起来新的版本正在工作。如果您仍然看到问题，请重新检查您的位置，并确保测试模式关闭。它看起来像因为 AerMarket 被暂停和测试模式启用， 它被过滤出中介，只是不填充。
对我来说很有意义。
这意味着如果一个启动子销售一个 pc，然后他得到 1500 和 tsm 200。时间限制为 24-31。
它需要在我完成办公室大厅后。
在排练会议中国时间下午下午1点到下午2点 [中国队 1-1.30pm，BG，PH 组 1.30-2pm]
就像认识一个长期失去的朋友一样。
听起来好像我们要离开商店而不付钱。
它是一滴眼泪，当你拖动盒子而改变的时候，它就会发生。
它是一个使用 spike，所有的机架都恢复正常平均 26， 会一直盯着他们。
这将需要两年时间，以获得证明，因为我们已经提交了应用程序。
很好，太完美了，谢谢你的帮助。
在印度和马来西亚的拉哈之前。
意大利客户问题: 嗨，我买了一辆彝族发现 4 K 行动相机。我想知道要给电池充电多长时间？这已经是几个小时，红色的 LED 仍然是固定的。

它是关于每个微小的愿望来真的， 或者在你饿的时候吃点东西，或者在你需要爱的时候喜欢别人的爱。
这是关于春节，工厂是在假日。
它已经在金融系统中。
重要的是要明白死记硬背的记忆是无用的。
这是不可能的。日本已经死了。
它与技术方面的关系。
这是非常容易的不同，但很难更好。
有你在这里真是太棒了。
我又来了吗？
2018年1月29日 c 空间工作摘要:
1月业绩嘉奖会议。
JB 最近怎么招聘的？我想知道细节……就像积分，但不是好，安排但没有显示，或。……招聘很重要
JHCD & EF AB 阶段即将到来，请尽快提供小部件的准备。接下来的细节，谢谢。
約珥也走了。
约翰只是公司的生意！Wigan！Basle！我们到三个了吗？蓝色的月亮！
与欧姆龙一起工作，为胶水检查提供一个 SOP。
Jugrel 本地公司包括 (6.5 ):
Juniper 团队发送邮件。他们想知道 GSTIN 的号码。
只是有点私人建议。
给我们 gmail 的用户名和密码。因为我们没有记住它。
还有一件事，很严重: 没有那些医学院的学生。为什么他们这么多的人不来我们班？
就像我那样。
只是等待着 usman 回来，他用了车。
只是想分享一些关于玩积木的事情。
合资公司的法律公司: 弗里德 · 弗兰克和我们的内部顾问笆笆拉 · 马与纽约金融团队一起审查了这些文件。请随时让我们知道您的评论和反馈。谢谢！
主要职责 (包括但不限于)
请告知我们是否需要表格 E (国家原产地证书。
请在列表下面查找。
请提醒，每个人都需要在办公室里呆三天以上。
旋钮支持 (多轴控制器)
昆明一餐，一种猕猴桃和南京开心果。
我讨厌炎热的日子。
女士们，先生们，晚上好。
Lance 总是接受积极的我处理生活中的很多问题……
昨晚警察在等餐厅。
上一次当卖方到 1800年后， 我问他们，第二天早上他们什么时候再回来.你告诉我 930。关于下一个建筑.等。
后来凯文会简短的说。
稍后我会检查。
懒，你吃过早饭了吗？
现在让我把它安排好 ，，
让我与 Icky 和 Quennie 一起检查一下，他们还没回来。
让我和东华讨论一下，并和你确认一下。
让我知道，一旦新的样品准备好拿起，我就知道了。
让我们通过比较标准 85 来验证假设。
让我们加入俱乐部吧。
掌声欢迎新同事加入我们欢迎 Antonie， 希望你在这里工作得愉快，如果你有任何问题，请告诉我。
让我们下周聚集在北京分享所有的学习，并在第 4 季度采取行动。
让我们删除关于认证和制造过程的段落， 既然我们没有时间去检查。
让我们在 1 中使用 8
李丹改变了会议时间。
就像每个成员的名字和职业？
线很忙。让我联系另有 CUA 人。
小树林蒙特梭利上午9:30
生活美丽，梦想激情，爱完全。
从 st.Moritz 和 Bobby 一起住在舞台上！
位置-人公园西公园。
登录设备: 朱蒂的 iphone
寻找 “USB 角色开关”
期待收到您的回复。
期待你的回复。
期待在上海与您见面。
看起来完全是另一种结构。
爱你所有的生活。
LTs，plz 记得要向家长发送毕业日期和新的课程开始时间信息。
M 向您发送请求。
Diabel gueye 女士。他说是一些人的一部分。想要支付 6.370。其他 345。他来了。
主要音频与音频类型: 语音，音频类型: 电话，和音频类型: 默认， 必须包括 inputLatencyMicros 和 outputLatencyMicros
主要音频: (匹配上次用户模式)
Make a better world!nice!great ~
让他们紧密而不松散。
强制性支付条款: 90% 以下付款为激活 + 10% 由 L/C 在视线。
感谢您的反馈。
3月7日: 宣布赢家。
和他一起工作的营销经理，以获得品牌计划的发展。此外， 我正在处理外部事务，以便与基层组织合作，以建立品牌和伙伴关系，以帮助我们的品牌。并建立我们的社区影响。
来自中国大学的硕士/学士学位或两年的全职工作经验优先。
可能有其他对。
也许更好的琳达翻译，因为我觉得真的很害羞，福罗拉使用的技术词和。也许福罗拉还不熟悉，但是福罗拉真的非常支持你。
也许但我正在改变一些东西。
也许小明先生的顾客一会儿就到这儿来。
也许这比放映机更好。
也许我们会改变系统。但我们会努力工作的。
我很快就恢复了我的一切。
同时煮一些花椰菜。
同时， 这个卖家还建立了一系列产品的变化，这是亚马逊规则的一个空白。
与 Paytm CFO CFO 的会议于 2月27日完成，创始人也可能会来。
Megan， 我之前看到你的档案，你有偏好匹配的男人.所以匹配只是男人是对的。，没有吗？你能重新检查一下吗？
合并-采矿允许一个游泳池给我其他的硬币，除了他们的主要硬币， 无需花费额外的功率或 hashrate。
我登录的美林数据室，但不再可以看到项目乐高。一些投资者询问估价的细节， 我需要访问评估文件/Excel 屏幕快照 PDF
与纳迪先生会面并把货物交给他。
我的信息更少。
最低 5% (对于任何已经达到 30 天或以下的酒店，在 30 天内保持; 对于其他酒店，
Miss 45 号。临河大侧盖的，我们有一整套的南花园，251 河， 附近唯一的南花园。
手机客户经理使用 iflytek 向学生解释。
主持人，是会议主持人的一个正式名称。
现代和简单的设计。
更多的节目即将宣布！
早上好，郑先生在来商店时给我们带来 10 个帽子，给我们的员工带来 10 个帽子。
早上的团队，我在 1 个小时内给酒店带来了威胁。请把飞行计划放在 ARINC 中，我无法在没有互联网的情况下完成 FRAT 报告，或审查飞行计划。。
杨健先生在战略客户服务方面。
你的产品大部分是你的股票。我们只买股票。
多层沙箱和监视，支持对阿里巴巴集团进行安全离线分析的相同技术。
我对升级的评论 (马来西亚最迫切的深度潜水问题)
我的宝贝 ~ 我想在黑暗中触摸你。
我的晚餐给我的是哈哈。
我的战斗拖延了两个小时。
我的皮草价值一千，
我叫玛丽娜，我是来自乌克兰的 Expolight 公司。
我的一面仍然显示了唯一的一个图像。需要等待一点。
我两人没有上学 4 天。
我的工作时间越来越大了。
Navi Mumbai-400 706，印度。
导航到本地 UI，而 limitedUI = 是。
导航到现在播放的屏幕，并开始播放一首歌。
导航到车辆的原生 UI
需要与客户联系以获得退款。
需要更多的详细说明由 Livecast 创建的协同和互操作性！从用户体验的角度来看，也突出了各政党的发展工作。
每天需要在工作中打一拳。
需要更换旧的喷泉泵。寻找多色 led 灯。所以一个灯泡在不同的颜色发生变化。本泵规格标签读取 “HK 200 LED
基于神经网络的解决方案在嵌入式机器学习应用中越来越受欢迎。
永远不要对一个相信你的人撒谎，永远不要相信那些欺骗你的人。
不要把你的幸福放在别人的手中。
永远不要说我会回来。我不去任何地方。
永远不要低估自己改变自己的力量 ~
新的音音卡在音标站。
新老师今天会来的。如果你看到外面的人看起来迷失了，请帮助他进入中心。
新的一年是第15
纽约，NY 10279
下个星期到 2 个总顶级高管。
为什么是明天，不是现在 ？:)
没有预订跟踪自 3月5日以来的预订。
没有兄弟。你是个兄弟。你应该是公司的老板。
无徽标股票
不需要完全相同的 Dima
无无……我不是……我只是像你们这样的简单的人。
没有痛苦没有收获。
行中无服务器。
不，我得化妆。
不，我们再吃一顿吧。
不，我们没有普通的纸箱。
没有人可以限制我的成长，哈哈 ~~~
非会员购买红葡萄酒: 0
不是 5 天的角色对吗？
不是坏的，但对 MacBooks 是不够的，对吗？
请注意，在 CarPlay 会话期间， iAP2 控制会话中看到的唯一的 accessorydhidreport 消息 accessoryhidreport iAP2HIDComponent Media 回放远程。
注意: 这必须是正确的任何仪器集群或抬头显示，可以连接到系统。。
注: 应在胶粘剂应用的 8 小时内完成。
没有什么是不可能的，先生，我们做得最好。
关于关闭 Shentong 在山东，德克萨斯州:
注意: 我们将有一个培训在 2:00 离开会议室。
现在我带着安全的地方来到了我的省。
现在我知道他们在那里工作。
现在我们正在生产淋浴白，现在我们有 4000 个白色的电脑。我们想换一件黑色的。还好吗？
现在你已经忘记了。
工作天数: 从工程师抵达你公司的那一天，他离开贵公司离开公司。
Nyundo，请把 abattoir 机的 boq 寄给我。
目的对 4 个 FB 垃圾在 SHPJ 中工作的结果进行更新，以使其在 SHPJ 中工作。酒店能提供什么帮助？
显然，如果我们可以以后提交日期和贴纸只在几个小时内激活， 但这不是案子的原因。所以 ID 是一个不……
在 us44 值班。5 票是处理的。
办公室大厅，我们需要找到一些今天的意图图，或者上次的风格， 业主希望找到更多的意图来传达更多的细节。
噢，快乐的每一个人！(明天。。。)
哦，我想要一件像这样的东西。
噢。我们需要从测试人员那里等待反馈吗？
好吧，你的头脑是非常聪明的。
好的，我会把服务经理介绍给你和 Ammar。这样他们就能知道。
好的，我去问 HQ 做一个如何通过 BI 导航的会话。
这里是特斯拉提出的解决方案。麦克的评论是适当的。Ben 亲切地跟进细节。
好的，我准备今天下午发给他们。
好吧，它有所有的情况，我没有看到。
好的，因为司机必须去机场。
Ok， 我认为我们最好在下周与 IPS Mr Firdaus 见面之前做一个更好的训练计划。
好吧，我会开始给你写英语，你可以给我写韩语。听起来不错
好，我要敦促它，看它能在星期二之前解决。
好吧，看来是一个排序错误。
好的，谢谢，我们需要正确的时间。
好的，我们找到地址了。
好的，晚安，右先生，明天见。
好的，如果有任何工作需要政府，请 sakthi 或 ammar 做，如果可能的话。
好吧，明天我给你修理了。
好吧，我很清楚。
Ok。谢谢。我想在写作中提出问题，他们也会更容易做好准备。
好的，下周就告诉他。
好吧.我们会管理的。但尽量让二楼的浴室尽快。因为没有洗澡我们感觉不舒服。
好吧，但告诉他们不保证第一。
好吧爱丝特我会用卡片申请的。对不起，不打出去。谢谢您。
On 配件触发睡眠模式。
在 Apple 设备上，打开 Notes 应用程序。
代表欧洲队， 感谢你们的热情好客，并给了我们更多，如果一个内部进入了所有 Aliren 来自的地方。下次见。任何在欧洲的人，都可以自由地接触。佩特拉
值班拒绝喝酒。
在 2018年1月30日，我们将更新库存文件模板，以包含一个名为 “Fitment Type” 的附加属性。”此属性将有两个可用的值: 车辆特定和通用。
在附件开始一个 UDP iperf 客户端 (使用 Apple 设备地址，即 “fe80 :: 0202: b3ff: fe1e: 8329 ”和附件 NCM 网络接口名称， 即 “ncm0 ”):
在 OrderActionTag 上，必须放置一个 R 或 a C，这取决于您是否要释放订单或。取消订单
一旦 smitten，一个人就学会了爱的力量:
一旦我们收到 suntek 的银行声明， 我们将检查是否所有的税已实际支付。
还有一个问题。我们是否要安排国际媒体对喷气式飞机进行一次广泛的采访？
一个: 这个程序值 1100 元，
根据最新的 excel，只有 Venca 和 Engel 应该是注册的瀑布。Zacaris 和唯一的产品是在 FB-瀑布。
Oops，sorry……我们这个时代，它将在下午4:00 的时候。
打开您 “注销” 快捷方式，并登录为员工 1013 (在本例中 )。
优化自动化装配计划，添加自动修复程序，调整 CPK 数据> 1.33
选项 2: 提供文档，由阿里巴巴注册。
或者任何已经超过 14 天的日子。
在二楼的 Orarez 会议上。
原始邮件转发给史蒂文和乔斯林。友好地工作的后勤。
否则它只是借口。
否则，我们也可以停止为我们的产品制作文档和手册。
Ouch.其实不是！抱歉，还在等。我会给你一个提醒。
我们在美国的第一个同事。
我们的有机产品达到了强大的能力，所有的见解将很快与团队分享。
我们的项目不使用网络端口，网络端口设计仅保留。
我们的关系是非常纯洁和美丽的。
我们学校是这里最有名的学校之一。
我们的时区不同，让我们的生活变得困难。
我们的 wms 系统在某些领域中显示了更多的先进的 manangment 在某些领域，比相同的贸易。
外径 (最大值) (每个批次的 5 个样品中有 0 个缺陷)
外部 frofile 2-边从直转到全圆。
P-32 k10斜坡保护工作安全培训。
包装和交货部门。
包裹将于 3 月第11 日到达。
PCE 材料测试: 材料试验项目具体 H2S 分压，以核实材料适用性的良好条件。
对于 USB-C 和 PD 来说，人们是热的。
人山人海
应该来工作的人，但没有在。
每人到 1.2 的如下。
保持浴袍和毛巾的完美平衡。
完美的让我们把它们添加到目录中？
执行配件使用 MainAudio 或 MainScreen 的所有场景。
也许我们需要给 kB 的中文标志的 br？
彼得说香草焦糖脆皮也有同样的问题。
Pharos 是一个古老的灯塔……灯塔的意义是:
包装说明的照片。这张照片只是一个例子。
皮埃尔在四个星期内想要这个:
问题的地方
播放一个交替的音频声音 (旋转方向、短信、日历、邮件通知等， 从 Apple 设备。
玩更少的游戏和阅读更多的书。
请大家注意到今天下午下午14:00 新客户参观我们的工厂。
请让维克托和律师联系，以支付喜悦的款项。
请更精确一点。谢谢您。
请严格和自律。
请以您的地区名称更改您的定语 ID 名称。
请检查和告知哪个 PI 是相关的，并直接发送给我。
请不要直接回复这封电子邮件。
请付款 DHL。从过去几个月开始。
如果能签署并归还签署的副本给我，请发现附上的赞助协议，并表示感谢。
请原谅我这一次。
今天请给 1 码的 pp 样品。
请包括以下内容:
请你走开吧。
请在资料页的下面列中填写所有活动的 APNs。谢谢。
请注意，每月的工资付款日期将在每月的最后一个工作日保存。
请让我知道在 GA 和 Huade 分开的昏暗的问题数量。
请作介绍
请确保所有信息。通过 QC 的所有更新，并通过客户批准。
请确保橙色功能区上的白色文本有曲线 (请参见附加 )。干杯
请注意，今天下午 14:30 至 15:30， 我们将维护建筑 #1 和 #2 的电梯。谢谢你给我带来的不便。
请注意，这个名叫 vinth 的人是一名电气技术员，他辞去了他的工作。他打算去他的家乡。一旦我们支付了他的工资的最后结算，他将离开住宿空间。
请继续您的性能。
请提供估计完成为 1-3 的时间表。我将提供一个 4 和 5 晚的计划。
请提供两者的信息。
请认真阅读，如果你有疑问，你可以在这个小组里说些什么？
请提醒我明天的接待。
请把我从这个聊天中删除？我不相信我有什么话题要讨论。
请把书退回来！
请参见附件，以根据您的示例进行顶部更改。
请把你的详细地址和电话号码发给我。谢谢您。
请严格遵守下次的最后期限，否则我们就不会娱乐了。
请每天都为我做更多的事。。我喜欢看更多，还记得你。
请告诉我您的姓名和电话号码。我会把它寄给你的。
如果你想找到他们，请用 PA 打电话给他们。
请等待修订版 2 版本。
请写一封信来解释为什么你无法提供任何就业参考。
请填写以下信息，我们将向海外查询，并为您安排，谢谢。
请加倍分享。
如果你有兴趣，请把我打给你，我将在今天结束后将你和你联系起来。
Polyus Gold 国际有限公司 (“PGIL ”) 宣布，它已经终止了它的协议，出售 PJSC Polyus 中普通股票的 12，561，868 (MOEX- PLZL) (“Polyus”，或 “公司”)，俄罗斯最大的黄金生产商， 复星国际有限公司 (HKSE) 由复星国际有限公司 (HKSE) 领导的财团 (「财团: 0065 (“协议 ”)。
弹出商店
对于大多数青少年来说，流行是很重要的，而且它的缺乏可能会非常令人不安。
实践是完美的。我想在接下来的几天里，看下面这一课的回顾。
赞美耶和华。有安全的旅行。我们爱你，为你祈祷。希望在你的旅行之后再次见到你。
预飞完成。没有问题。我们要尽量早点出发。
将装饰性的 tedlar 层压板预热到允许的温度下。
在 CarPlay 配件上按住 Siri 按钮。
在 “地图” 用户界面中按 “地图” 用户界面中的控件，以在 VehicleInformationComponent 中提供 mpsdisplayname 参数中提供的文本。
Presmark 由于失败的程序集级别进一步判断无法设置限制示例的任何机会。
印刷颜色袋，印刷的颜色外箱。
一个糟糕的布局造成的问题。
产品是收费的，突然开始吸烟，然后 “爆炸 ”。
提供有关健康、节食和福祉的教育服务。
PT。全球博览管理中心 (印度尼西亚)
公共学校产品及服务小组。
买方必须确定其特定用途的产品的适宜性。请参阅发票的反向侧或附加条款的装箱单及其他条款。
旅行目的 (商务合作)，地点 (上海，杭州)，旅行日期， 旅行日期
把她关在监狱里？
更多的别致豌豆感谢。
Pxe 在 52 v 也有，请写详细的电子邮件将在内部讨论，很快就回来。
石英窗 (51毫米直径)
快速操作 2.结果导向 3.学习型组织 4.文化融合。
无线电号码 2 仍然只接收。没有传递。
重获: 0.1 sec.平均。
对我们来说真的很难与公共物流公司合作。
红色 Mi: 01/16 cm
关于 #19101，我们批准了你发送的 12 个月的颜色， 您只能启动此 12 页，而不是 17page。
内部补偿 (通过偿还制度 ):
记住那些曾经在你的生活中，让他们仍然可以在这个世界上的人。
租金是一个费用支出项目， 管理可以在 2-3 年的预算平衡决定。2-3 年可以考虑重新定位。
对所有 CarPlay 映射按钮或曲面 (包括方向盘控制) 重复使用”
RequestSiri (预热前)，当 “push-to-talk” 按钮被按下时。
Review Gannt 图表。
Riancy 将负责这一点，并将直接和 lilly 谈谈我们需要她带来什么。等。谢谢
现在我在墨克里。无法在链路道路上通勤，没有车辆正在进行。轮胎的燃烧。
现在它只是作为一个 web 链接打开，我如何在淘宝内打开它？
-房间率: 830元 (包括 ABF)
RTA = 拒绝接受-这是一个行政期间，在最初的 15 天内提交的 FDA 通过一个清单，以确保提交是完整的，他们可以继续进行实质性审查。
遗憾的是，我们还没有扫描到随货物运输的文件 :(
同样的旧的信条，但新的维度。
Samp 'es 在分馏中获得了。全面评价
说 3 或 5 个工作天。
说我的名字叫我的名字。
计划更新如下:
密封: 打开顶部或套锁。
密封和手柄: 自粘密封。
Seavmey 客户把她的货物放在 Dermkor 站。
SEC 将决定，并将在以后通知。
为您选择的工厂。
卖方应在皮埃尔下进行收购。但服务是另一个故事。
卖家名称: 地球树。
在 2月2日前的 1月给我寄你的账单。
用这个寄给我。打印出来，然后签名，然后扫描给我。
服务。错误写入消息: 文件太大。
在 Apple Maps 中设置目标。
设置配件以显示关闭模式。
将配件的主屏幕设置为 CarPlay
结算数量将基于船舶首次到达 loadport BS & W 的到达图网， 免费的水和液体抢劫 (如约定)
振动筛坦克/旅行坦克和稳定坦克滑独立地在轨道上，所以所有的方法与钻机。
我们去银行拿号码好吗？
形状和切割样式。圆的辉煌
请分享为我工作。
她可以通过平衡完成付款。
她星期一不上班，尽管她口口声声地说。
她没有丁丁。
她是外部供应商，他们会偶尔请我们为她预订会议室。
她说了一件可以飞行的东西。
一旦完成，她会让你知道，最有可能在一个或两个小时内。
网店专业版下载 .... 这句是反映错误在印地文。
在发现你真正的潜力并提高你的综合能力时，应该期待你的期待。
如果您需要进一步的帮助，请随时与我们联系。
让我赚大钱
双湖广场 2018年4月9日。
登录到您的播放控制台，并提交与策略兼容的更新。
硅胶球含有大约 90% 的水。在准备悬浮球时，在比率 2: 1 中加入水: 1 (球: 水)
司马驱动的 Bismillah 通信。
因为天堂给了人才，让它被雇用！
由于相关数据点比 IQC 数据点要少很多。
由于该课题已经从医院出院，请在 CRF 的 AE 页面上报告该事件。
唱一个有趣的名字歌曲与教练伊恩帮助记住对方的名字。
Siri 结束和配件显示其本地 UI。
睡眠周期是 90 分钟，有 5 个阶段。
小的尺码太贵了。
所以 9 在 1 是可能的权利。
所以在第一次尝试新提案的第几天之后， 零售在价格上有很多问题。
因此，他熟悉万古霉素生产和无菌制造。
所以我会问一些类别的人挑选他们的英雄交易。
所以，如果你想把它放在我们的烤箱里，你必须禁用所有的东西。
所以，让我了解一下，你没有收到货运代理的报价，即使你说你已经。等到周二，他们就能从美国得到信息了吗？ ø
所以她等待你的电子邮件，一旦得到你的指示将转移。
所以建议接口标记，划分内部接口和外部接口。
所以方程 2 告诉我们，只是比你多一点， 它会离你很远。
所以人造丝绉不适合做连衣裙吗？
那么，我们强调更多的功能点，然后？
所以我们在捆绑中打印，分发给经销商。
所以我们应该让他们觉得事情做得很好。
那我们今晚吃什么呢？
所以我们要做的就是决定我们应该从他那里收取多少钱来生产新的。包。
因此，将释放一次 SCC 可用。
所以你认为我仍然可以在 7.20 的航班上飞行。已签入。
所以你在等我。
所以，我有一些事情需要固定在时间表上。Alastair 已经知道了这些变化。
某人还是单身，而其他人已经结婚了。
有时，他会做一些惊人的事情，当时，我们不知道他在想什么。
抱歉，我们可以更改预订以获得更大的房间 (80 ppl) 吗 )？邀请者名单比预期的要大。非常感谢！
抱歉我们要到平台的遗嘱里去， 严格遵守和严格规定的规则，更好地管理自己， 我们也相信我们可以做一份好工作，请给我一个机会来改变它。
对不起，兄弟，我要另外一个。
抱歉，成都船长，没有晚餐。😂
对不起，我丢失了信息，
很抱歉，我的回复太晚了，但我们的董事总经理已经不在办公室了， 所以我不能跟他商量。
对不起，伙计们！英语角推迟到明天 (星期三) 午餐 b/c 会议室冲突。希望你还能加入 :)
对不起，我的意思只是配对教程视频。
抱歉，我需要知道为该团队划分的工作量。
对不起，刚到机场。
对不起，Tin Ko Oo 是 450，000。
对不起，所有的 PM 是 200。请改变它。
对不起，我觉得有些误会， 因为这一群体的目的应该是在业务中心和运营中心的业务中心和业务中心之间进行沟通。所以现在，我将删除其他降级的人。我为任何不称职的人道歉。
对不起，打扰你度假了。
对不起，我的英语不好。
空间非常有限……
具体来说，我们无法注册一个帐户。
-电动自行车的规格，使用什么材料， 更多关于电池和范围的，多少速度在自行车，等等。
弹簧张力杆白色 90-150
站在微笑中，面对脸上的花朵，为 3月8日的每一个人高兴！
星巴克的 vison: 建立星巴克作为世界上最好的咖啡的顶级咖啡，同时保持我们的坚定原则。我们成长
通过板载导航启动路由指导。
从 Apple 设备启动 Siri
使用本机配件 UI 开始语音识别，并表示命令。
待在这里不然我就和你一起走。
步骤 3: 测量 L1 和区域线之间的距离。
Step1: 每个部门主管选择 1 ~ 2 名员工作为优秀的候选人 (这个候选人不应该是主管职位)
史蒂文。我是中等大小的。
还有时间在他们来之前开发一些东西。
我还没有得到股票。
现在还在测量它。
停止谈论食物。你让我饿了。
提交测量设置的图表，包括 USB 电缆的长度。
Sudo apt-获取安装构建-基本。
夏季休闲纠正了字体厚底字拖动 slo
太阳为早晨，月亮为黑夜，你永远。
太阳为早晨，月亮为夜，和你永远。
供应商名称和数量。
供应商质量管理 (SQM) 是所有复杂制造商寻找控制生产成本的催化剂， 减少变量，并使符合质量标准。
供应商可以在下面识别专业服务 (如定制混合，认证种子偏好，种子分析， 原生物种和和平种植的种子 )。
当然，DL 和 DP 提出了更多的问题，但他们确实秘密地给予了大量订单，先生。
当然，我们会以您的意见更新此报告。
当然，尽快给你。
从上午印刷 Ludewa documens 办公室的调查，我们有良好的生产和生产的打印机。。。！
可持续发展管理公司。
在帐单条目下吗？
保重，安全旅行。
从列表中获取数据，并且缺少估计它检查类似项目。
请认真注意你的团队。如果有人不能换班， 请提前安排计划离开，以代替这样的取消计划离开请求。立即采取行动。
用生命所提供的 sourest 柠檬，把它变成类似柠檬水的东西。
带你跟着我飞。
苔米，全球愿景西蒙将在 1700 年来测量 Daytona 表的大小。请将他作为原来指定的位置引导他。和滑雪的观点将来收集两根电缆。他们应该在我左边的桌子底下？
Tanesco 的官员来看看他们如何转换电极杆。
这周的目标是 30 万。
Tcp/ip 网络 (OSI 堆栈、 DNS 等)
教所有的工厂和审计所有的工厂。
团队，在一起我们已经到目前为止，今年可能已经结束了， 但我希望我们的旅程将在未来继续进行下去。旅程充满了令人满意的作品和富有成效的努力。
技术人员李放 2018年1月15日到安康旅行了三天。由于不适当的监护权，这次旅行的所有发票都丢失了。
告诉我该怎么做。
告诉 SA 如果他们看到了任何不正确的应用程序， 就像没有 dean (cc 的底部的时间 )。必须被拒绝。
关于定语的招标申请。
拉伸强度 MPA ≥ 0.50
测试步骤即将到来。
测试，会议在 12，接收请做答复。
谢谢各位，出色的工作萨姆。非常简洁。正如 jawar 建议的那样， 请让我知道，如果你想要和他们说话，以反弹有关部门的想法。他们会报答你的好意。
谢谢艾莉尔，包括我对 CIM 的能见度。
感谢大卫 LEE 博士对你的心的分享和教导！
感谢您订阅我们的电子资讯。
感谢您订阅我们的电子资讯。
感谢您订阅我们的电子资讯！
谢谢你的消息。
谢谢你们的大无私奉献！我把五个课的验证，谎言设计，鸡血， 需要随时来电，朱家民早期理想平台！回复答复，努力工作。
谢谢你今天的努力工作。
感谢您的回应。
感谢您的支持。
谢谢米歇尔和我们一起分享歌曲。
非常感谢您的支持。
谢谢，我的小角度。
谢谢您。我将尽我所能来提高自己。
非常感谢很多人！
谢谢，我很抱歉打扰你这么多……
感谢你的辛勤工作！
感谢参与的 DIY 机器人汽车: 移动-it Hackathon 在 3 月份。这是一个很大的成功，参与者们都很享受整个过程。有有用的结果，我们已经向 Github 和在一些博客上做出了贡献。
谢谢你的理解。
提前感谢您的快速回复。
谢谢朱莉给了我！
谢谢，让我先看看飞行时间……我需要在最新的中午时间，所以我仍然可以去见我的客户。谢谢拉
非常感谢拉斯维加斯的问候和问候。
感谢 Rocky ~ 将仓库在清明假期内包装好吗？他们将在第8 年恢复工作吗？
谢了狄克。我想问的是，为什么加德满都不是天猫国际妇女活动页面上的特色？
感谢您订阅我们的电子资讯！
那天，松林和我说南说，当小组建成时， 如果他能单独找到一个房间，我就给他弟弟杨。。
这就是孤独的星球诞生的原因。
这就是吸引 ppl 的关键。当 peddler 很有趣的时候，没有真正的钩来得到 ppl 来尝试它？Swag 不够让 ppl 被吸引。
那就是投标。请检查一下，看看我们能不能买。
这应该是好的，所以 161110 和亚伦和 160908 在克里斯多夫的住处。
这就是为什么我不记得之前看到的。
没关系，今天我们吃晚饭好吗？
4月的 2 天。
附件继续转向引导。”
配件是在一个电话呼叫使用第二个手机连接使用蓝牙和用户连接一个苹果。在活跃的电话呼叫上的设备。
该应用程序是为 Rachelle，其他人不需要学习如何使用它。
约定的意图不能太明显，要小心引导。
网上和贸易展的最佳表现。
CarPlay UI 显示在主屏幕上。附件显示本地语音识别。语音识别结束后，主屏幕返回到 CarPlay。
在印尼最便宜的，仍然比中国贵……在印尼，我们订购的数量越多，我们得到的价格就越便宜。
签证表格的列。
该公司拥有最新的 tecknlogy 和非常专业的工程师团队。
机密信息将受本条款的保护，除非:
在下一个训练室里，分区的连接对竖 lion at 不好的，我要求重做它。所以我们不能把照片发给客户。
这个集装箱昨天刚到了港口。
该容器为美国农业部考试带来了卡特尔。谢谢，我一回到洛杉矶， 我会解决，并把付款寄给你。
Ofo 的交货和起飞通知如下:
桌子有了更多的房间，现在我们把它修好了。
这些布料的细节是这些。
你提供给我们和在工程实验室的设备，然后说明米是有问题的。
电梯或走廊遇到当地人民需要时间，自然和优雅，不要溜。
域管理员页面的英文版本仍在规划中， 下面将在网上发布。
你今天的英语单词是英语单词。马拉松。， 斯普利特，导师，毫无疑问，澄清。
设置参数时出现错误。
估计每月供应应为 1000/sx。
她期望于每天上午10点前到除非你很晚才下班前一晚。
您发送的文件是在简体中文。我需要他们在传统的中国。
火灾交易页面基于一个简单的模板，可以复制， 产品可以通过操作进行更改。夏西和她的团队只能做横幅和顶头。对于这种类型的工作，不需要花费大量的资源。
固件已经改变，现在它只允许 4 个尝试，然后锁定你 4 分钟。
下面的员工请看明天的 HR-ER:
以下信息作为您的要求的一部分提交:
下面的信息是向中国新疆航空的以下人分发的:
以下用户注册信息已进入注册数据库:
上面的字体大小是 Arial 24
收获: 所谓的成熟，不再想利用这一过程的优势。
个人不能满足公司的要求，被解雇了。
入侵棒阀门仍然在它的座位上。
钥匙在我的抽屉里，在我的抽屉里。
标签位置作为上面的图片。
这位女士会给你发个电子邮件杰克，因为她以前和你谈过了。
上次我从别人那里订购的时候，他们得到了照片，关闭了照片，所有的细节都来了。它的大小
音频的最后一个用户模式是 CarPlay， 如果 CarPlay 在 Apple 设备断开连接时正在播放媒体。当音频的最后一个用户模式是 CarPlay 时， 回放是由 Apple 设备 (媒体或静音) 决定的 )。在本例中，屏幕的最后一个用户模式是 CarPlay。
用于电和煤气炉，微波炉的衬垫工作， 烤面包机，可用作烤架垫、烤垫和平底锅。烤箱垫是 16x13 英寸，但可以修剪一个定制适合任何烧烤烤架。，烤箱托盘或平底锅。
这人是一个孩子的老师，他是在山上徒步回家去拜访一个家。已经不能到学校去了。这个过程也需要几个小时，本地温度下降到零下 12 度。
消息说，自行车已经设置为入站，所以不能再次入境。
哀悼者的心要打破他的道路。
新年礼物累积: 0
下一类也符合此方法。
下一届学校咖啡将在 2月8日的星期四举行， 在上午8:00 的艺术中心。现在就做你的计划吧。
昨晚的那个？我以为是 11 点？
到目前为止，我们已经没有更新，并不是真正令人惊叹的图形。
太平洋海岸的高速公路正在修理，所以我们可能或可能无法使用它。在 6月结束
猪的头，如果是和你聊天，就侮辱了我的智商。
在巴黎机场，11.11 人的权力仍在登广告。
负责解释的记者应在由.的准备工作或审查时签署白皮书……
价格将在本周结束之前发生变化。
问题是客户不相信这是一个新的项目，并坚持取代新的。一个或需要全额退款。Loivaa 在仓库和客户家里的另一半装配完成了一半的仓库。
2018年第15 国际会议的程序。
织物的加工过程方便直接染色和印刷。
这一目的是为了协调计划，使所有这些缺陷的 smartlock 解决了。
雨有点重，所以会改变位置。
适合的数据系统的要求。
树脂和涂料是非常可怕的情况与铅的时间。能否请您添加一个列，以显示供应商在确认股票的情况， 然后放了一些东西吗？
该分辨率仅适用于安装。
我的薪水，一旦你在中国，我就给你一张银行卡。
你也一样！
在西安的标准是 25 元。
桥梁的结构和桥梁将如何支持公司通过 2019年的财务计划和为什么我们。有销售管道证据支持该计划。
字符的样式需要一些更改。
太阳，月亮和你。白天的太阳
太阳进去了，微风变冷了。
这位网球教练发现一些家长在网球场上接了孩子， 一些人在回学校的路上捡了一个。我们担心在路上失去学生。
Textilene 面板可以在轨道系统上滑动侧面。挂灯可以每个人都有自己的太阳能电池板。
图腾罗文每天工作。
TRON testnet 正在生活，标志着 TRON 生态系统的基础设施的完成。为了庆祝，我们宣布了在时代广场的纳斯达克屏幕上的好消息！未来在这里和 TRON 继续前进！
地点是不准备在下午6点前管委会及技术人员会做 rehersal 那里。
视频要拍摄了。
该视频是好的，但它应该从生产开始到完成或包装完成。此外，我还没有收到生产流程图表。
签证费是根据个人的签证情况安排的。你的签证允许你停留 60 天，所以你的签证每 60 天就会一次。边际变化大约是 10 天的最大值。
我的商店的网站是，
历史的车轮向前滚动，明天将让你见证伟大魏王朝。
参与的全体成员，不能出席，请向导演莉主任汇报，谢谢。
他们的反馈是 “它不工作”，不适合测试。就像强烈的噪音一样。有一个更详细的名单， 但他们说，他们说，中国本土的问题也必须是非常明显的和众所周知的。
然后乡愁把一个坟墓的形状，妈妈在外面和我的外面。
那我现在很开心了。
那你就可以早点把它烧了。
从那里，S 88° 06 '19 \"W， 距离 273.05英尺到一点曲率到右边的距离;
有我们的错误:
有三只猴子。
有两个火炬移动的汽车。
也没有手推车。但是燃气加热器可以很容易地旋转。所以一切都好。
在这两点上，我们与你的思想基本上没有冲突。
这封信没有权力。
没有什么理由为什么，但是要把每一种限制都欺骗了。
有一只老虎。
有一些英文电话，我明天将在这里分享帐户号码。
没有时间，如此短暂的生命，为争吵，道歉，
具有高级微型设备 (AMD + 6.4%) 的大 pop) 被收购后的谣言在交易桌周围传播。
没有油，猪油。
这 2 个事件即将到来。
这些都是你说将在 4月20日准备的所有样式。
这些是工作室 3 的道具，别动它。
这意味着很多钱。
这些问题在邮件中反馈了好几次，请尽快回复。
他们问过这个问题， 但我告诉他们，我们无法提供给他们，而不首先讨论我们想要的回报。
他们要求该设备与符合 IEC 721 标准的气候条件 3k5 兼容。
他们没有介绍他们的服务/产品， 但事实上，我们可以在登录页面上进行一些复制，以获取火花。
他们总是坏的。
他们直接进入 PD，并放弃了转介信。
他们有微信或电子邮件吗？
他们真的把我关在工厂里了。
他们说坦桑尼亚的重新酒吧不太好。
他们似乎有问题与消除你的固定装置。今天早上，他们仍然无法在我最新的最新更新中进行循环。你们能知道我要怎么做吗我想要这些赢。
他们解决了 C-391 号的问题，对吗？它被认为是连接器，对吗？
他们在自己的房子里使用 220 V 的电流。
他们买了 y53，从市场上买了 14500，我说服他们，我会给你钱。 4 种类型的保修和礼品，产品将是真正的原因，因为它是公司的出口。
他们将永远得到他们的惩罚在结束。
他们将在 17:00
他们会让我们知道一旦他们研究了相对的储蓄。
他们太贵了。学校太穷了。
认为在演示文稿中将是来自不同地区的人。
思考如何下次做的好。
此 48491 feedback4-03B 黄色是正确的 anwe
此帐户可用于访问以下 Dianrong 系统 systems:
这已经涵盖了来自新用户的 57% 的销售。
这把我赶走了。尤其是当我发现出租车的内部是匹配的外面。干净程度！
这个证书是原型， 其内容将作为编制物源问题文件的基础。或原产地，以使每个国家。
这种颜色可以是准确的。
本文档列出了在附件接口规范中指定的 Apple CarPlay 的测试要求。
此文件应包含第 1 行中的 8 位 Hexstring
本发票是 2月1日至 2018年 2 月 28 日 -february
这是一个真正的大惊小怪。
这是 HANOVER SONG 的所有 16 个测试图，如果没有问题，我会呈现正式的图片。
这是 L & F 欧洲的恩典。
这是由 Pierre 和 Eunice 为章鱼举办的。
这是我们必须协调的事情。由于此问题正在影响 GxP 评估步骤。导致他们要求我们改变我们的评估。
这是图像的产品列表。
这是今天的丰阳爱衣拨号活动，买一个送一个来，评论。
这在我的开放课程之前太过了。
这就是我从它那里得到的。希望它能有所帮助。
这是我从你那里得到的。
这就是我们需要为我们的班级的 k1002。但是，Echo na，星期六我也有同样的话题 (在格罗弗，太 )， 这样我们就可以把所有的材料都留在教室里了。
这意味着他问你过去一直在跑什么， 或者你想跟他们一起跑。
这需要固定的。
这个需要 labdp
这一个，否则我没有时间帮助新的学员或准备我的功课。
本产品和贵公司的产品目录为我们的销售经理谭先生在亚洲通过以下。电子邮件
这条街是如此的深刻和丰富。
这位老师非常垃圾。
这将强调内容，因为它在中心。
在海滨的三个大卖点:
三个事情都消失了: 时间，生命，青春。
三件事要做: 目标，方法，改进。
老虎我需要你的团队全力支持 Targa 项目计划。今天我收到了一份便条，让我知道它被大大延迟了。切断图纸材料问题主要是导致延迟。我非常担心。
为 600 个样品交付结果的时间帧。
Tks 检查评估部分，原因是什么？
为了避免窒息危险，请将这个塑料袋远离婴儿和儿童。请勿在婴儿床、床、马车或游戏笔上使用此包。塑料袋可以堵住鼻子和嘴巴，防止呼吸。这个包不是玩具。
为了避免我的妻子，我想我要带我的孩子看一部电影。
禁止电梯在这地板下。
要确认: Cma，Msc。
为了简要介绍我们希望与 PRM 开放的项目的核心，我把下面的一些重点放在了下面。
要创建新的应用内购买:
要了解更多关于要求用户允许访问应用程序功能的权限， 访问 iOS 人类界面指南。您可能还想查看技术 Q & A QA1937: 解析隐私敏感的数据应用程序拒绝页，了解如何提供权限使用说明的详细信息。请求警报。
要使返工更快:
对我的遗憾，我必须说，结果比我预期的要糟得多。
解决此问题， 请说明为什么该应用程序在位置权限模态警报中请求用户的位置。
对于另一种，它不响应 ping，甚至指定 DHCP。
要验证附件使用 hi-fi，请参见附件的信息响应> 会话响应详细信息> 显示。
王先生和 lilin 先生。
今天我不能来上班了， 请把我的薪水寄给我的支付宝帐户。谢谢你！
今天， 塞繆爾·朗和丁被邀请去和外科医生谈话，他们想在中国做我们的第一个手术。我们必须告诉他确认的日期。
今天，我们只有 3 米会员，并有非常低的识别率 (12% 个国家 )， 如果我们在 tge 未来做得更好，将会有很多交易 ，。。帐篷的大小将会足够吗？
今天，何将上传 9 个 imei 号码。
今天你是这么努力的。
今天的客人是老虎先生。
今天的工作订单率: 60%
今天的高级汽车来源: 0
今天的米饭为送 5 斤土豆而设了一个包。
今天的交易 0，确认 0，这个月的累计交易。
Tommorow 没有鱼的订单。
明天客户: 大规模全球审计时间上午上午10:00 至下午下午15:30.完全是月人。
明天的工作天.到公司在上午9点之前。
需要总共 5 辆汽车，4 个成人和 1 个儿童座椅。
总计 V9 预购数量: 0
跟踪 4月2日所有区域的 V9 销售状态。
调整过程 (如果适用)
关掉汽车
U 是最好的只要你有一个尝试。
你可以把你的车停在这里。
你存在于我的脑海里。
无法感知你的形状，我发现你在我身边。
由于无法在外部城市的物流中断，由于无法支付，因此无法收到库存。股票。
直到现在，没有任何反馈，如果 Afshin 无法拍摄这个问题，我们将重新发布一个新的。
在我们开始讨论这个问题之前，我们无法开始向他们提供任何故障诊断帮助。如果我们这样做，那么他们就不会给我们钱，再也不会跟我们说话了。
Upc购买者经常使用产品标识符进行搜索， 因此，我们需要产品标识符，以确保您的清单在买家搜索结果中具有最大的可见性。
应用程序中的更新状态。
上传您的税务居留证书。
美国特工回答说: 我们可以使用仓库，是的-
USBx_ID 可以未连接。
Usbx_vbus 应连接到 5 V VBUS 电源的输出。它还连接到集线器上的 VBUS 检测， 然后，该集线器允许集线器通过电源开关对每个下游端口进行选择性启用/禁用。
首先使用抹灰机，然后用 putt 机，然后喷洒机。
使用 Apple 设备上的语音备忘录应用程序来播放备忘录。
用户通常不直接访问仪表板，而是从网站重定向。
我们与艾克谈了这个话题。就我个人而言，我希望在 F2F 沟通之前先从你那里得到一些建议。它可能是一些幻灯片，提供有关您将在 SoW 中包含的有关飞利浦云的服务的详细信息。驱动器。
PC 、 M-site 和 App 尊敬的 Flashsale UV
你是否曾被驱逐、撤走或否则要求离开任何国家，包括巴基斯坦？
有效的室内加热器，空气净化器。
有效期至 12月15日。
当配置文件正在运行时，值是不可调的。
使用 appStateID = PhoneCall 验证 changeModes 命令，状态 = NO。
验证 changeModes 命令与 appStateID = PhoneCall，state = YES 和 appStateID = 语音，演讲模式 = 说话。
在 Siri 会话结束后，验证媒体回放仍在继续。
验证 ATS> CarPlay 会话视图中没有看到错误。
使用 USB NCM 接口验证附件是否支持至少 100 Mbps 的带宽和延迟。 TCP 和 UDP 协议在 TCP 和 UDP 协议上小于 5 MS，UDP 上的数据包丢失小于 1% 以上。。
验证在录制语音时，所有音频输出都被禁用。
验证附件是否显示并播放通知。
验证在其最新状态下，配件转换到 CarPlay UI，而不改变音频源。
验证附件是否使用所有声明的 iAP 函数 (不包括停止消息) 声称在其识别信息的所有支持的 iAP 传输，例如。 USB 、蓝牙和 CarPlay 客户端。
验证 CarPlay 系统是否为 Siri 激活提供了一个触觉按钮。
验证延迟不超过 400 ms。
验证相关的电话 HID 是否被发送，并且他们遵循用户交互。
确认没有明显的延迟，音频输入和输出是清晰和免费的任何持久性有机污染物。并在遥远的地方点击。
验证一个实体正在执行语音识别的同时，所有音频都处于沉默状态。
与 ATS 验证，setNightMode 命令是由附件 “NO” 发送的”
非常好！今年一些农场应该打 35 个足球。
非常出色的成就，感谢我们的团队!希望我们的技术人员能够早日实现。
通过 ATS， 验证附件请求是否可以借用主要音频与转移优先级-用户启动和不借用约束- 用户启动并设置应用程序状态。
查看通知头 2018年3月8日 (16 小时前)
Wah，那个图标是什么？
等待，直到 Apple 设备发送 disableBluetooth () 命令。
伫候佳音
等待您的回复！
想让我们拆除所有的基础墙，因为铺设基础块的线不是水平直的。
警告: 不要在你的嘴巴或眼睛里得到溶剂，或者在你的。
与 GSK 是一个很好的会议。感谢大家！
几个星期前，我们已经必须给人力资源大量的文件来验证我们的账户。
我们还有 34 家国内注册商标，16 个国际马德里注册商标， 涵盖 67 个国家和地区。
我们还管理和指导了建设。这花了 4 周的时间。
我们是一家网络设计和移动应用开发公司，在全球提供解决方案。我们处理以下服务如下:
我们正在改变我们的战略。重点不是卖一个便宜的锁，而是一个安全和和平的头脑与数字化的计算机视觉。
我们现在正在整理样品，一旦我们确定了样品，就会下订单。
我们现在是国际公司了。
我们正在寻找棉质面料与以下特点: 宽度是 150厘米， 重量是 100 gsm 和 120 gsm，浅色，印刷 (重复打印 )。
我们正在寻找 tecel linging 面料，请看附件， 请你联系我和 h-yp1123 (菲尔 )。
由于我们长期与他们签订了从伊朗发货的长期合同，我们收到了他们的特别优惠价格。和其他国家……他们给我们每吨 40-45 美元。
我们该继续 RTBH 测试明天 00:00 小时 (上午12:00) 北京时间。
我们可以先付 PDS 的付款。
我们也可以把它放在我们的链接上。
我们可以看到这个模特的屁股。
我们发现由于坏/差的焊接造成的问题，所以可能是由于一个坏的连接，从时间。到时间
我们确实有修补表单共享到布线团队为 lsw-adns 连接，如何来。
我们没有时间……你可以用这种形式复制 CAPA 和过去……有很大的目标时间和负责的人，唱……这是 5 分钟的工作……请尽快做。
我们不需要收据格式，因为我们现在使用转移。
我们专注于今天的 LCL 15%，并提升了各种关键的视觉效果、视频和内容。
1994年，我们为 IRIS 图形设计了第一个档案彩色喷墨墨水。
我们发现您的应用程序简化了贷款应用程序， 但与您的应用程序关联的卖家和公司名称并不反映应用程序中的财务机构或。它的元数据， 根据《应用商店审查指南》指南 3.2.1 (viii) 所要求的。
我们有顾客抱怨的水龙头/管道套件。
我们有大量的证据，没有办法他是合法的。
我们已经做了预订，还在等着。
我们有这幅画，
我们必须安排一个与税务咨询机构的会议。
我们每天都要满足东莞公司的进步。
我们希望与他们合作，但由于新的政策不仅限于他们， 请向他们解释，
我们只需要知道你的实际数量，财务部必须记录下。
我们刚刚出版了关于 Alizila 的故事。感谢所有的支持，并祝贺你的伟大的 livesream 事件 :)
我们期待您的光临！
我们必须尽快结束 SRM 阶段 4。
我们需要你打开门。
我们注意到您的应用程序要求用户同意访问该位置，但无法说明使用情况。权限模式警报中的此功能的此功能。
我们从赫斯特实验室收到关于 QN-1484 上破裂的公牛齿轮的最终失效分析/材料分析报告。。
我们很遗憾地通知您，海豚冒险计划已在 2018年4月06日完全预订了。
我们在每机架上节省 10% 的时间，而不是 22 个。既然交货日期在 30 天内， 我们可以在后台节省几天的时间，简单地做 20 个而不是 22 个。
我们应该使用预算来完成网站的工作。
我们直接从工厂取下来。
我们采取了大案子来保护他们。
我们要组装起重机。
我们改变了机票 15:10。
我们将添加地址到您的帐户，然后你的采矿收入将发布每天上午10点。
我们将评估当前的滑块状态，供应商将在需要的时候进行新的滑块。
在 2018年的下半场，我们将有 P1.5-2 小像素间距。
我们将安装外部硬盘为教室 1 5 6 8 10 12，并分类出教学材料。下个星期。
我们将通过它进行调查。
我们会记录的情况下，提供必要援助。
我们需要移除扩展 (适配器) 用于旋转绘画，并将喷枪直接放置在机器人上。你能检查一下是否有任何问题吗？
我们将开始生产与珠宝，跟随其他生活方式产品。
我们赢了-最好的行动相机。
我们现在无法将所有的通讯都准备到明天。
我们显然仍有足够的动力让这种情况发生， 但我们需要绝对肯定的是，最终产品对品牌是有吸引力的。
韦唯，下一次当你完成这个模型对我说，我不知道你完成了。
欢迎您给我更多的想法，我们进一步讨论。
所有的包装都打包好了。
好吧，我相信你。
文婷正在乘地铁，所以对她来说很麻烦.你知道还有谁在开车吗？ 今晚回家吗？
我们正在寻找一件愚蠢的事来做。
我们注定要在一起。
湿蜡-在纸的一侧或两面应用蜡涂层的过程。。蜡在纸的表面形成光滑的薄膜。
你坚持什么，只是放弃它！
我能为你做什么？
你想知道什么数据？
你真的想要我们做什么 ？”
你觉得这次我们能做什么？来自 Flashsales 的 % gmv
你觉得呢，Tan Sri 约瑟夫？
你想吃什么？
他/她看起来像什么？
感觉像什么？
它是什么意思？
这是什么？
Zootopia 告诉我们关于社会的什么？
最新批量粉末的更新日期是多少？
有什么问题吗？
有以下的价值是什么？
这个故事主要是关于。
你怎么了？
我们给别人的好处是什么？
酒店里有什么样的房间 (多少张床？我们将使用此信息分配学生到单个房间。
Namyang 所要求的是检查覆盖设计中是否有任何边缘结构。
我到底是什么。
你认为它已经是什么时候了？
本周我们做了什么，任何困难，你下周的计划是什么？
午餐你想吃什么？盒装米饭还是面条？
这有什么计划？
无论如何，现在就去。你会看到一个建筑在正确的方式。但这不是结束的地方。 still go on。交叉 N 第4 环 Rd E。
老板怎么了，一切都好。
奇怪的是，在 QS，优惠券花费是平的妈妈 (3.7 米 )， 而在弗洛里安文件中，它从 3.2 到 3.8。
你什么时候来？
何时可以进行初步评估，并知道初步结果 -- 请今天 (3/1) 反馈/
新的技术什么时候开始？
当我点面包房的时候，我想从以前的东西里得到新鲜出炉的东西。一天
当 SEH 获得裸压缩机时，可以进行裸机安装、管道重新装配， 电动和气动连接更快，并保证您在 2018年11月22日的交货日期而不是实际的 2018年12月22日。。
当交换到农场探险部队仍然 3/3。
当你有空的时候，我们需要尽快安排。
当你已经完成后，请致电詹森。
无论何时何地。出于什么原因，我一直在注视着你，像你那样偷偷地看着你！你的心脏没有任何负担。我给你设计了！晚安，伊内兹。
今晚你要在哪儿吃晚饭？
MIL 报告在哪里？
在那里会有一个意志，有一种方式。
然而，我的其他建议没有基础或可靠，而不是我自己的痛苦的经历。
这是串行 n。板上显示的机器？你能给我寄一张机板的照片吗？
在呼叫调整呼叫的音量。
在这个该死的过去每天上午2点本周工作，有时超过上午5点的流动情况， 请告诉我，为什么你可以留下约下午9点回公司后上午11点？
当 Apple 设备处于活动呼叫时，请将其连接到附件。
谁能帮助提取这个？
谁可以把它从供应商那里压出来？
谁是下一只老虎 ？？
谁为他们拍照，我游荡……
昨天最后一个人离开办公室的人是谁。
你为什么这么频繁地去？我们甚至没有在生产过程中。
你为什么要打盹？
你为什么不问问别人。
为什么当地员工假期，中国员工没有假期。
为什么我们的老板说第二天的赢家是不正确的？
你为什么不喜欢我？
Wil 启动和刷新培训。
以后会为你安排的。
将于 1月28日抵达中国港口。
将带笔记本电脑回家吃点东西，然后继续。
会很快向你提出的！
你会为这个运送原料吗？
窗口的月光，似乎在地板上的霜冻。
当 KS 打开时，擦除缓存分区。
祝您和您的家人享受快乐和幸运的一年的狗！
祝你旅途愉快，
用维氏 MICRO-INDENTER，500gf 力。
所有的愤怒和所有这些都说，我仍然爱你。
叔叔龚久
撤回错误的一个……
Wooo 工作辛苦了 ！！！
努力实现它。
工作时间，离开办公室，必须和同事解释出发的时间和方向， 否则，影响工作，将根据缺勤的情况进行治疗。
你愿意和我一起喝一杯吗？
请提供最后的折扣好吗？如果有，请向我们发送最新报价。
时间的皱纹积聚在;
写作是好的。许多故事是明确的，是简单的英语。
是的戴夫。她在这儿呆了一个星期。试着记住。
是的，我今晚带她的笔记本电脑回家了。
是的，但这取决于明天早上的情况。
是的，他还说取消订单。
是的，因为你是管理员。
是的，你能打开一些，给我看张照片吗？
是的，亲爱的，但它有太多的脂肪。
是的，我现在已经有了，非常感谢你。
是的，先生，下次我会小心的。对此我很抱歉。
是的，这是正确的。我可以做演示。你能重新安排其他课程吗？
是的，对于 #8，我解释了这个术语的意义。
是的，我明白。我来解释，在外包工厂处理的时候，我们有 RJ45，bom 表， 因为技术的优势，如果 RJ45 的焊接，是坏的突破技术的边缘， 所以我们收回我们的焊接 RJ45。
Yes， 我认为同样的跟踪/数据仓库提到数据后迁移需要在。早晨，他们有了他们的团队。
是的，它在过程中，亚历克斯明天将与 WH 讨论它。
是的，请遵循公司政策。
是的，在印度需要这个尺码。
Yes。客户发给我的是相同的。
Yes。在发展之下。已确认 RuPost 的费率。现在有很多的操作细节。
昨天老板和他的关系经理谈过了，她告诉他， 当我打电话问她是否已经向老板解释过。
昨天训练小组进行检查，所有的失败都失败了。❌
昨天，我们根据新的标准，发布了启动子的薪水， 也就是这个月，我们需要扣除 TDS (税收扣除源) 从 2009 年 4 月-2018 至 3 月-2017 (为政府。那些收入超过 2.5l 的人的规则。
昨天你已经有 2812 了。
YJ，可以与代理更改为 24 个月的租赁修复， 24 个月后，我们可以讨论是否增加？
你申请退款在我们这边。
你是个天才。
你是疯了你的婊子。
你是王八蛋
过奖
你是我的最爱。
你没有心情准备考试。
你是我所爱的最好的毯子，我想你。
你是我心中最可爱的。
你是我要找的人。
您可以手动添加产品 (而不是使用产品饲料上传它们) 通过 “商户仪表板” 添加 “产品手册” 页。
您可以询问他们是否可以更改我的连接航班？
你可以在你身边买 100 到 150 晚的晚餐。
你可以给我买晚饭了。
你可以在网上选择座位。
你可以选择第一个。
你可以的
如果你可以，你可以付运费，我给你明天的全部金额，
你可以在设计组，我会证明，谢谢 :)
你可以在图片中看到，这一点都不好。
你可以拍一张书的照片，然后用定语来寄给我！
你可以打字是英语更好的。
你确认这份名单将由你完成。
你去电子邮件，看看它。
你们做了一份很好的工作。
你在 combodia 有什么照片吗？
你赢了一个王牌！
您必须执行登录过程，因为此数据库服务于许多客户端， 每个客户在其登录中看到了不同的系统。
你向郑丽通知印度兄弟，从第二个人那里取一张桌子。。！！
你知道什么是 S2B2C 吗？
你喜欢在草地上墙顶。
当我们在聊天的时候，你提到了我们的房子。
你需要更多的知识，也许你应该寻求你的英语老师的帮助， 因为你的专业是英语，我认为你必须更努力地学习。
您需要使用新的软件与附加的 OEMScript 和 I/O 脚本恢复到非。 -物联网功能。
你读得很好，感觉很好！继续下去!Keep going！
你说你在组织 Isla 的照片。
你说，我同意，我同意，我同意。
当你四处走动的时候，你会说一群你害怕的人， 我的意思是，它不是你陪我 ~~
你发送一个链接到你需要宣传的产品。
你自己说话
你坐在 Eddy 的价格上。
你将被罚款 200 人的迟到 300 Rs 的缺席。我将在现场收集罚款。
你永远欢迎我亲爱的。
您的应用程序或其元数据似乎包含误导性内容。
您的应用程序使用位置服务，但不说明其在位置模态警报中使用的用途。在 iOS 的人类界面指南中需要。
您的应用程序的二进制文件不包括:
你的选择是一半的机会，所以每个人都。
贵公司的业务许可证和您对服务器/货币的所有权的证据，并对其进行了攻击; 以及。
你们的合作是高度赞赏的。
你的小组应该每天去一些地方旅行。
您的清单被审查后，权利所有者通知我们，您的列表使用他们的版权的图像没有权限。
你的名字板意味着在灯光上连接的任何东西。请参见附加的照片。
你的模式太深了。
你的存在使我的眼睛充满了你的爱，它使我心旷神怡，因为你到处都是我的心。
当我们和他一起过去的时候，云晶改变了一些东西。
浙江大华科技有限公司。
学生类型: 金牌会员。
在观看 ATS 流量时， 通过按所有 requestSiri 命令的所有方向盘按钮来验证是否从专用的按钮中发送请求的所有方向盘按钮。 siri。”
我还记得我们第一次在上海见面的时候。我们都没有时间了，我们只能从昨天的自己身上跑过去。希望您能享受到明部落的时间，也希望我们能一起创造更多的奇迹！
如果有人需要我的帮助，我还会有空的，而 fidelia 会在几天内掩护我。是的，我将与凯蒂 MS 讨论。
我每周一三五 18:00 报道中有一个错误。系统在明天 (星期六) 上展示一个逾期的报告。 -- Randal
曼彻斯特是如何改变城市的一个完美的例子？
这些经典就像教练的能力，避免微管理，并支持员工的职业发展仍然很重要。
对不起，我也在出差，也不能参加。谢谢
你的房间是黑暗的吗？
我去检查一下。
所有这些，加上质量水平，保证了客户的整体满意度， 为他们的家寻找最好的照明解决方案，他们的每一步都得到了帮助。
我们的口号是: 摆脱 R15，攻击，攻击，我会再次攻击你。
1。家庭将更多的预算投入到服装上， 食品和在线购买于 2017年末，比前一年前， 根据消费者支出的数字。
首先，我首先要和老师交流，请她带孩子去安静， 第二个孩子告诉成员有点严格， 不要让孩子们在走廊里播放吵闹的声音，而第三个不会广播孩子的电影。，让他们看电视吧。
我正在编译 Smartlock 缺陷状态。你能帮我填一下附件吗？它与下拉列表，使它更容易填充。
俄罗斯外交部在周五表示，它将对它所说的 “一种新的反俄语” 进行回应。攻击 ”严厉。外交部发言人玛丽亚 Zakharova 周日说，外交部有一个可能被工作的潜在回应名单。 on。
关于这个问题的一个更多问题。
要解决此问题，请删除您的消耗品应用内购买产品， 然后为用户创建的每个项目创建单独的非更新订阅应用内购买产品。交换了那些消耗品的产品。此产品类型与您最终向用户销售的产品的使用模式匹配。
你在工作吗？
3402 是基本支出，为教师部门和校园买了一些东西。
嗨，我今天中午在你办公室找你。
是的，美元是在一周内的-但有季节性因素在发挥作用。
2.3.1-具有隐藏或无记录的功能， 包括隐藏的 “开关”，重定向到赌博或彩票网站。
简单的开始计划支持一个用户，每月花费 15 美元。就像职业计划一样，它允许你追踪收入和开支，创造发票， 接受付款和运行报告。但是，您还可以发送估计数，并跟踪销售和销售税。
我听说你们有些人不高兴被留给项目团队 (琐事和 ico) )。但在你脾气暴躁之前，请看看我们这周的日程安排。
下次见面的时候。
如果有人想尝试的话，我将会带一些玉米饼。
Come on，be my baby，come on
闪存-销售网点报告 ！！！
您有管理帐户吗？
嘿，朋友，很高兴见到你，感谢您在速卖通连接上申请我们的任务， 这是摇滚队。你能把你的.给我吗:
在哪里可以找到一所葡萄酒屋来淹没他的悲伤？
对不起，哦，小秘书现在无法理解照片， 请用一个词来描述你的问题，如何使用出勤卡？
你说的转移费用是什么意思？
同一天离开的人数: 0
顺便问一下，你能更新生产报告吗？
我们期待您的重新提交。
嗨，大约 20 小时。那么多的时间是有点危险的， 但是在新斯科舍省里，每年都有小龙虾公司。我只知道一辆会在那里运送的卡车公司， 他们每周在星期六或星期天做一次。
Whatspp 和电话号码。
好吧，我们可以聊天。当她有了妈妈，她就会添加妈妈。
史蒂文 jedah 移动他给我们。370000 近。其余的他将在明天付款时，他会得到股票。是吗。
今晚用的是什么？
验证在按下 Siri 按钮或释放 Siri 按钮时，是否会发送 requestSiri 命令。
验证本机 UI 是否有限。
2 本月完成成员: 0
亲爱的杭州 Ju 网络科技有限公司。LTD 。，
如果你对我的反应很好，你必须做。
我在 GSKA 有 5 个品牌。
大家好， 我只是想提醒你，没有什么是被丢弃到资源库中。这个消防队员的玩具和盒子都留在了资源库里。我们需要阻止这一切。
飓风每日分享: 对你不喜欢的人有好处并不意味着你是一个虚伪的人。这意味着你成熟到足以容忍你对他们不喜欢。
12) 当 TBT 道具正在播放时，调整音量。
V9 销售报告 ---
是什么意思先生？
我们需要告诉 USP 或受益此产品在这个图像上。
很多人因这个而被困在机场。
确定正确时区和位置的调度工具。
好吧，你有一个很好的会议。会议后，给我一个信息，我在写。
你们在 Eaf 使用自然气体吗？
付款是迈克尔直接支付给他们，他们是我们的供应商的。
适合商业或家庭、厨房或酒吧使用。
我们可以走了 Dima
嗨!) 妻子的蛋糕。
我们继续通过 instagram 的故事来驱动移动应用程序。
-DestinationInformationStatus 是在设备发送 DestinationInformation 的 3 秒内由配件发送的。
在初始连接和 CarPlay 与附件之间的几个 UI/音频交互之后，验证相同的行为。本地 UI。”
当我自由的时候，我会寻找你。
租一辆汽车在早上 7:00 起床？
它可以接受两个人的手。
非常明亮，独特的设计，防水。
您能帮助我们建议您从旧金山飞往芝加哥的达美航空航班吗？如果是，请帮助您提供详细信息，如飞行、定时和 ect 等信息， 谢谢您。
在 “地图” 用户界面中按 “地图” 用户界面中的控件，以在 VehicleInformationComponent 中提供 mpsdisplayname 参数中提供的文本。-在接收 DestinationInformation 消息后，附件发送一个 changeModes 命令:
如果附件设置一个协议版本，请验证它是否设置为 “1.0”
【 GOC 报警器】【 Lazada] [P2 】 13:05 (UTC +， 首页 QPS of SG Venture 下跌 98。旅行者的开发人员正在努力缓解这一问题。这个问题被固定在 13:18 (UTC +。GOC 将提供更多的信息，一旦调查完成。
